[godo/redsun] 워크 시작
  … redsun 리프 20/157 (매핑 67)
  … redsun 리프 40/157 (매핑 166)
  … redsun 리프 60/157 (매핑 206)
  … redsun 리프 80/157 (매핑 305)
  … redsun 리프 100/157 (매핑 424)
  … redsun 리프 120/157 (매핑 509)
  … redsun 리프 140/157 (매핑 589)
  → _catwalk_redsun.json (제품 783, 2단계+ 729)
[godo/calla] 워크 시작
  … calla 리프 20/110 (매핑 311)
  … calla 리프 40/110 (매핑 490)
  … calla 리프 60/110 (매핑 687)
  … calla 리프 80/110 (매핑 921)
  … calla 리프 100/110 (매핑 1136)
  → _catwalk_calla.json (제품 1252, 2단계+ 1216)
[godo/lmount] 워크 시작
  … lmount 리프 20/29 (매핑 268)
  → _catwalk_lmount.json (제품 321, 2단계+ 274)
WALK DONE
