[firstmall/avx] 워크 시작
  … avx 리프 20/122 (매핑 118)
  … avx 리프 40/122 (매핑 123)
  … avx 리프 60/122 (매핑 123)
  … avx 리프 80/122 (매핑 123)
  … avx 리프 100/122 (매핑 215)
  … avx 리프 120/122 (매핑 234)
  → _catwalk_avx.json (제품 234, 2단계+ 234)
[firstmall/aurora] 워크 시작
  … aurora 리프 20/76 (매핑 90)
  … aurora 리프 40/76 (매핑 222)
  … aurora 리프 60/76 (매핑 345)
  → _catwalk_aurora.json (제품 462, 2단계+ 462)
[firstmall/sajin] 워크 시작
  … sajin 리프 20/169 (매핑 274)
  … sajin 리프 40/169 (매핑 971)
  … sajin 리프 60/169 (매핑 1730)
  … sajin 리프 80/169 (매핑 2167)
  … sajin 리프 100/169 (매핑 2673)
  … sajin 리프 120/169 (매핑 2853)
  … sajin 리프 140/169 (매핑 3231)
  … sajin 리프 160/169 (매핑 4117)
  → _catwalk_sajin.json (제품 4337, 2단계+ 4304)
[firstmall/green] 워크 시작
  … green 리프 20/289 (매핑 140)
  … green 리프 40/289 (매핑 301)
  … green 리프 60/289 (매핑 478)
  … green 리프 80/289 (매핑 668)
  … green 리프 100/289 (매핑 891)
  … green 리프 120/289 (매핑 1218)
  … green 리프 140/289 (매핑 1376)
  … green 리프 160/289 (매핑 1556)
  … green 리프 180/289 (매핑 1639)
  … green 리프 200/289 (매핑 1811)
  … green 리프 220/289 (매핑 2038)
  … green 리프 240/289 (매핑 2386)
  … green 리프 260/289 (매핑 2551)
  … green 리프 280/289 (매핑 2762)
  → _catwalk_green.json (제품 2826, 2단계+ 2826)
WALK DONE
