[cafe24/fomex] 워크 시작
  … fomex 경로 30/435
  … fomex 경로 60/435
  … fomex 경로 90/435
  … fomex 경로 120/435
  … fomex 경로 150/435
  … fomex 경로 180/435
  … fomex 경로 210/435
  … fomex 경로 240/435
  … fomex 경로 270/435
  … fomex 경로 300/435
  … fomex 경로 330/435
  … fomex 경로 360/435
  … fomex 경로 390/435
  … fomex 경로 420/435
  … fomex 리프 20/364 (매핑 180)
  … fomex 리프 40/364 (매핑 256)
  … fomex 리프 60/364 (매핑 344)
  … fomex 리프 80/364 (매핑 364)
  … fomex 리프 100/364 (매핑 429)
  … fomex 리프 120/364 (매핑 575)
  … fomex 리프 140/364 (매핑 673)
  … fomex 리프 160/364 (매핑 1172)
  … fomex 리프 180/364 (매핑 1294)
  … fomex 리프 200/364 (매핑 1464)
  … fomex 리프 220/364 (매핑 1754)
  … fomex 리프 240/364 (매핑 1931)
  … fomex 리프 260/364 (매핑 2018)
  … fomex 리프 280/364 (매핑 2093)
  … fomex 리프 300/364 (매핑 2246)
  … fomex 리프 320/364 (매핑 2266)
  … fomex 리프 340/364 (매핑 2356)
  … fomex 리프 360/364 (매핑 2388)
  → _catwalk_fomex.json (제품 2451, 2단계+ 2388)
[cafe24/benro] 워크 시작
  … benro 경로 30/42
  … benro 리프 20/42 (매핑 1069)
  … benro 리프 40/42 (매핑 1162)
  → _catwalk_benro.json (제품 1162, 2단계+ 1158)
[cafe24/hktools] 워크 시작
  … hktools 경로 30/37
  … 리스트 수집 p10 (190개)
  … 리스트 수집 p10 (200개)
  … 리스트 수집 p10 (200개)
  … 리스트 수집 p20 (400개)
  … 리스트 수집 p10 (200개)
  … 리스트 수집 p20 (400개)
  … 리스트 수집 p30 (600개)
  … 리스트 수집 p40 (800개)
  … 리스트 수집 p50 (1000개)
  … 리스트 수집 p60 (1200개)
  … 리스트 수집 p70 (1400개)
  … 리스트 수집 p80 (1600개)
  … 리스트 수집 p90 (1800개)
  … 리스트 수집 p10 (195개)
  … 리스트 수집 p10 (200개)
  … 리스트 수집 p20 (400개)
  … hktools 리프 20/35 (매핑 4009)
  … 리스트 수집 p10 (200개)
  … 리스트 수집 p20 (400개)
  … 리스트 수집 p30 (600개)
  … 리스트 수집 p40 (800개)
  … 리스트 수집 p50 (1000개)
  … 리스트 수집 p60 (1188개)
  … 리스트 수집 p10 (200개)
  … 리스트 수집 p10 (200개)
  … 리스트 수집 p20 (400개)
  … 리스트 수집 p30 (600개)
  … 리스트 수집 p40 (800개)
  … 리스트 수집 p50 (1000개)
  … 리스트 수집 p60 (1200개)
  … 리스트 수집 p70 (1400개)
  … 리스트 수집 p80 (1600개)
  … 리스트 수집 p10 (200개)
  … 리스트 수집 p20 (400개)
  … 리스트 수집 p30 (600개)
  … 리스트 수집 p40 (800개)
  … 리스트 수집 p50 (1000개)
  … 리스트 수집 p60 (1200개)
  → _catwalk_hktools.json (제품 7868, 2단계+ 1266)
[cafe24/sama] 워크 시작
  … 리스트 수집 p10 (200개)
  … 리스트 수집 p20 (400개)
  … 리스트 수집 p30 (600개)
  … 리스트 수집 p10 (200개)
  … 리스트 수집 p10 (200개)
  … 리스트 수집 p10 (200개)
  → _catwalk_sama.json (제품 1548, 2단계+ 0)
[cafe24/hipixel] 워크 시작
  → _catwalk_hipixel.json (제품 0, 2단계+ 0)
[cafe24/mustcolor] 워크 시작
  … 리스트 수집 p10 (480개)
  … 리스트 수집 p10 (480개)
  … 리스트 수집 p20 (960개)
  → _catwalk_mustcolor.json (제품 1924, 2단계+ 1924)
[cafe24/motionnine] 워크 시작
  → _catwalk_motionnine.json (제품 0, 2단계+ 0)
[cafe24/onnoff] 워크 시작
  → _catwalk_onnoff.json (제품 0, 2단계+ 0)
[cafe24/ldnet] 워크 시작
  … 리스트 수집 p10 (207개)
  … 리스트 수집 p20 (407개)
  … 리스트 수집 p30 (600개)
  … 리스트 수집 p40 (800개)
  … 리스트 수집 p10 (200개)
  … 리스트 수집 p20 (400개)
  … 리스트 수집 p30 (600개)
  … 리스트 수집 p40 (800개)
  → _catwalk_ldnet.json (제품 2518, 2단계+ 0)
[cafe24/cinemall] 워크 시작
  … 리스트 수집 p10 (300개)
  … 리스트 수집 p10 (300개)
  … 리스트 수집 p20 (600개)
  … 리스트 수집 p30 (900개)
  … 리스트 수집 p40 (1200개)
  → _catwalk_cinemall.json (제품 1259, 2단계+ 1259)
[cafe24/bando] 워크 시작
  … 리스트 수집 p10 (320개)
  … 리스트 수집 p10 (320개)
  … 리스트 수집 p20 (614개)
  … 리스트 수집 p10 (320개)
  → _catwalk_bando.json (제품 2185, 2단계+ 2185)
WALK DONE
