=== ?좊툕?뚰겕 ?꾩껜 ?ㅽ겕?? 2315媛?/ 24?섏씠吏 (?꾨즺?ㅽ궢 0p, ?곹뭹?ㅽ궢 2195) ===
[?좊툕?뚰겕 p1] ?곹뭹 33媛?
  1/33 [_湲고?] [Bacht] esp600 spotlight                 0?뱸  m0 d0
  2/33 [_湲고?] [Bacht] Penlight                 3,800,000  m0 d0
  3/33 [Broncolor] [broncolor] Background Reflector   600,000  m0 d0
  4/33 [Broncolor] [Broncolor] Beauty reflector for 1,250,000  m0 d0
  5/33 [Broncolor] [Broncolor] Flash tube 3200J     1,350,000  m0 d0
  6/33 [Broncolor] [broncolor] Honeycomb grids for    880,000  m0 d0
  7/33 [Broncolor] [Broncolor] Honycomb grids for P   880,000  m0 d0
  8/33 [Broncolor] [Broncolor] Honycomb grids for P   840,000  m0 d0
  9/33 [Broncolor] [broncolor] Litestick            3,800,000  m0 d0
  10/33 [Broncolor] [broncolor] Narrow angle Reflect 1,150,000  m0 d0
  11/33 [Broncolor] [broncolor] P-Travel Reflector     250,000  m0 d0
  12/33 [Broncolor] [Broncolor] P45 Narrow Angle Ref   880,000  m0 d0
  13/33 [Broncolor] [Broncolor] Pulso Spot4          5,500,000  m0 d0
  14/33 [Broncolor] [broncolor] RFS transceiver        750,000  m0 d0
  15/33 [Broncolor] [broncolor] Ringflash P for Para 3,500,000  m0 d0
  16/33 [Broncolor] [broncolor] Satellite Staro      5,500,000  m0 d0
  17/33 [Broncolor] [Broncolor] Softbox 110 x 110 cm 1,740,000  m0 d0
  18/33 [Broncolor] [Broncolor] Softbox 40 x 155 cm  1,290,000  m0 d0
  19/33 [Broncolor] [Broncolor] Softbox 80 x 140 cm  1,470,000  m0 d0
  20/33 [Broncolor] [broncolor] Softlight Reflector  1,030,000  m0 d0
  21/33 [Broncolor] [broncolor] Standard Reflector P   420,000  m0 d0
  22/33 [Broncolor] [broncolor] Standard Reflector P   490,000  m0 d0
  23/33 [Broncolor] [Broncolor] Umbrella reflector     390,000  m0 d0
  24/33 [Broncolor] [broncolor] Umbrella Silver 105    150,000  m0 d0
  25/33 [Broncolor] [broncolor] Umbrella Silver 85 c   140,000  m0 d0
  26/33 [Broncolor] [broncolor] Umbrella Transparent   140,000  m0 d0
  27/33 [Broncolor] [broncolor] Umbrella Transparent   130,000  m0 d0
  28/33 [Broncolor] [broncolor] Umbrella White 85 cm   100,000  m0 d0
  29/33 [Broncolor] [Broncolor] Umbrella white ?꾨툕?먮씪    140,000  m0 d0
  30/33 [_湲고?] [FOBA] ARTEO round tray                  0?뱸  m0 d0
  31/33 [_湲고?] [FOBA] ASGEE beam extention              0?뱸  m0 d0
  32/33 [_湲고?] [FOBA] DASRO Mobil stand         6,350,000  m0 d0
  33/33 [_湲고?] [FOBA] DIBRO Stooting table              0?뱸  m0 d0
  ??data/products/_misc.json (18424媛?
  ??data/products/broncolor.json (243媛?
--- 吏꾪뻾 1/24, ?꾧퀎 33 ---
[?좊툕?뚰겕 p2] ?곹뭹 2媛?
  1/2 [Manfrotto] [Manfrotto] 043 Sky Hook Gaffer    130,000  m0 d0
  2/2 [Manfrotto] [Manfrotto] 50mm 2??Polyholder w   330,000  m0 d0
  ??data/products/manfrotto.json (1858媛?
--- 吏꾪뻾 2/24, ?꾧퀎 35 ---
[?좊툕?뚰겕 p3] ?곹뭹 9媛?
  1/9 [_湲고?] 45REPRO-D                                0?뱸  m0 d0
  2/9 [_湲고?] AC-215                                   0?뱸  m0 d0
  3/9 [_湲고?] AC-216                                   0?뱸  m0 d0
  4/9 [_湲고?] ACDB-256                                 0?뱸  m0 d0
  5/9 [_湲고?] ACMV-345 445mm rail                      0?뱸  m0 d0
  6/9 [_湲고?] Apo-Rodagon 4.0/75 D1x                   0?뱸  m0 d0
  7/9 [_湲고?] Avenger Jumbo Grip Head 4.5in, B         0?뱸  m0 d0
  8/9 [_湲고?] Avenger Swibel clamp F830           95,000  m0 d0
  9/9 [_湲고?] Bacht Compact Stand                      0?뱸  m0 d0
  ??data/products/_misc.json (18424媛?
--- 吏꾪뻾 3/24, ?꾧퀎 44 ---
[?좊툕?뚰겕 p4] ?곹뭹 7媛?
  1/7 [_湲고?] Boxlite 40                       5,500,000  m0 d0
  2/7 [_湲고?] CT-460 Computer Tray for use on          0?뱸  m0 d0
  3/7 [_湲고?] DSLR Solutions Q&A 120              15,000  m0 d0
  4/7 [_湲고?] Flamingo Stand                           0?뱸  m0 d0
  5/7 [_湲고?] Foba ASGEO Extended Rotating Pla         0?뱸  m0 d0
  6/7 [_湲고?] Fresnel Spots                            0?뱸  m0 d0
  7/7 [IDX] IDX VL-2000S                     1,034,000  m0 d0
  ??data/products/_misc.json (18424媛?
  ??data/products/idx.json (102媛?
--- 吏꾪뻾 4/24, ?꾧퀎 51 ---
[?좊툕?뚰겕 p5] ?곹뭹 15媛?
  1/15 [_湲고?] Jumbo Gag Gobo D420                      0?뱸  m0 d0
  2/15 [_湲고?] Jumbo GAG GOBO D420B               102,000  m0 d0
  3/15 [_湲고?] Kaiser ?뺣?湲?                              0?뱸  m0 d0
  4/15 [_湲고?] Lightroom & Photoshop Preset Col    27,000  m0 d0
  5/15 [_湲고?] Linos dFine HR-M 2.8/80                  0?뱸  m0 d0
  6/15 [_湲고?] Linos Inspec.x L 4.0/60                  0?뱸  m0 d0
  7/15 [_湲고?] Linos Inspec.x L 5.6/105                 0?뱸  m0 d0
  8/15 [Manfrotto] Manfrotto Black Magic 587B winch 5,500,000  m0 d0
  9/15 [_湲고?] MBU-0 Base with central brake            0?뱸  m0 d0
  10/15 [_湲고?] MBX-0 Base for Mono and MBX Stud         0?뱸  m0 d0
  11/15 [_湲고?] MBX-1 Column 2.1m / 7??                  0?뱸  m0 d0
  12/15 [_湲고?] MBX-11 Adapter for UCB Base              0?뱸  m0 d0
  13/15 [_湲고?] MBX-2 Column 2.7m/9??                    0?뱸  m0 d0
  14/15 [_湲고?] MBX-9 Adapter for UST/UBS access         0?뱸  m0 d0
  15/15 [_湲고?] Mono-0 Welded T-Shape Base for t         0?뱸  m0 d0
  ??data/products/_misc.json (18424媛?
  ??data/products/manfrotto.json (1858媛?
--- 吏꾪뻾 5/24, ?꾧퀎 66 ---
[?좊툕?뚰겕 p6] ?곹뭹 29媛?
  1/29 [_湲고?] Mono-1                             800,000  m0 d0
  2/29 [_湲고?] Mono-2                             990,000  m0 d0
  3/29 [_湲고?] Mono-20 Additional camera mount          0?뱸  m0 d0
  4/29 [_湲고?] Mono-25 Low Position Adapter for         0?뱸  m0 d0
  5/29 [_湲고?] Mono-5 Accessory Tray                    0?뱸  m0 d0
  6/29 [_湲고?] Mono-52 Laptop Tray for MBU/MBX/         0?뱸  m0 d0
  7/29 [_湲고?] Multiclip-Great For Holding Gels    35,000  m0 d0
  8/29 [_湲고?] Pulso G( ?꾩떆)                     4,880,000  m0 d0
  9/29 [_湲고?] Pulso Twin 2 x 3200J ?꾩냼 ?몄쐢 2 x 3 6,940,000  m0 d1
  10/29 [_湲고?] RBC-220                                  0?뱸  m0 d0
  11/29 [_湲고?] RBC-400 Series A bellows type re         0?뱸  m0 d0
  12/29 [_湲고?] RBC-410 Series A bellows type re         0?뱸  m0 d0
  13/29 [_湲고?] Ringflash C 留곹뵆?섏떆 C (32.462.00)   5,550,000  m0 d1
  14/29 [_湲고?] RPS-165 LED insert for RPS??base         0?뱸  m0 d0
  15/29 [_湲고?] RPS-170 Wall mount for RPS-200/2         0?뱸  m0 d0
  16/29 [_湲고?] RPS-171 Accessory for base board         0?뱸  m0 d0
  17/29 [_湲고?] RPS-175 Cross Arm Extension              0?뱸  m0 d0
  18/29 [_湲고?] RPS-180 Levelling Unit                   0?뱸  m0 d0
  19/29 [_湲고?] RPS-181 Cable Management System          0?뱸  m0 d0
  20/29 [_湲고?] RPS-190 Large Transparency Holde         0?뱸  m0 d0
  21/29 [_湲고?] RPS-201 Smart Controller for RPS         0?뱸  m0 d0
  22/29 [_湲고?] RPS-205 motorised Copy Stand Col         0?뱸  m0 d0
  23/29 [_湲고?] RPS-240 motorised Copy Stand Tab         0?뱸  m0 d0
  24/29 [_湲고?] RPS-245 motorised Copy Stand             0?뱸  m0 d0
  25/29 [_湲고?] RPS-250 motorised Copy Stand             0?뱸  m0 d0
  26/29 [_湲고?] RPS-255 motorised Copy Stand             0?뱸  m0 d0
  27/29 [_湲고?] RPS-260                                  0?뱸  m0 d0
  28/29 [_湲고?] RPS-500 Film Capture Stage               0?뱸  m0 d0
  29/29 [_湲고?] RPS-500E Film Capture Stage with         0?뱸  m0 d0
  ??data/products/_misc.json (18424媛?
--- 吏꾪뻾 6/24, ?꾧퀎 95 ---
[?좊툕?뚰겕 p7] ?곹뭹 2媛?
  1/2 [_湲고?] SCH-U Geared Head for UBS/UST/MB         0?뱸  m0 d0
  2/2 [_湲고?] SCORO 3200E (由ы띁) wifi踰꾩쟾?꾨떂        16,970,000  m0 d1
  ??data/products/_misc.json (18424媛?
--- 吏꾪뻾 7/24, ?꾧퀎 97 ---
[?좊툕?뚰겕 p8] ?곹뭹 0媛?
--- 吏꾪뻾 8/24, ?꾧퀎 97 ---
[?좊툕?뚰겕 p9] ?곹뭹 17媛?
  1/17 [_湲고?] Swivelling adapter baby to Junie    68,000  m0 d0
  2/17 [_湲고?] Sync cable 10m                     132,000  m0 d0
  3/17 [_湲고?] Sync cable 5m                       91,000  m0 d0
  4/17 [_湲고?] UCB                                      0?뱸  m0 d0
  5/17 [_湲고?] Unilite 3200 J(?꾩떆)               3,630,000  m0 d0
  6/17 [_湲고?] WHF-0 Front plate with #0 hole           0?뱸  m0 d0
  7/17 [_湲고?] WHF-1 Front plate with #1 hole           0?뱸  m0 d0
  8/17 [_湲고?] WHF-2 Front plate with m39 threa         0?뱸  m0 d0
  9/17 [_湲고?] WHF-4 Front plate with V-groove          0?뱸  m0 d0
  10/17 [_湲고?] WHF-5                                    0?뱸  m0 d0
  11/17 [_湲고?] WHF-6                                    0?뱸  m0 d0
  12/17 [_湲고?] WHF-7 Front Spacer (25mm)                0?뱸  m0 d0
  13/17 [_湲고?] WHF-9 Front Spacer (50 mm)               0?뱸  m0 d0
  14/17 [_湲고?] WHFR-80                                  0?뱸  m0 d0
  15/17 [_湲고?] WRA-2120                                 0?뱸  m0 d0
  16/17 [_湲고?] WRA-5105 HR-MACRO                        0?뱸  m0 d0
  17/17 [_湲고?] WRC-400 Repro                            0?뱸  m0 d0
  ??data/products/_misc.json (18424媛?
--- 吏꾪뻾 9/24, ?꾧퀎 114 ---
[?좊툕?뚰겕 p10] ?곹뭹 3媛?
  1/3 [_湲고?] 怨⑤뱶肄붿씤 Goldcoin 30P                   38,000  m0 d0
  2/3 [_湲고?] 怨⑤뱶肄붿씤 誘몃땲 3濡?                         30,000  m0 d0
  3/3 [?쎌븻濡ㅻ윭] ?쎌븻濡ㅻ윭 R-Trac Rear Wheel 2-Pack, 8   119,900  m0 d0
  ??data/products/_misc.json (18424媛?
  ??data/products/rocknroller.json (171媛?
--- 吏꾪뻾 10/24, ?꾧퀎 117 ---
[?좊툕?뚰겕 p11] ?곹뭹 0媛?
--- 吏꾪뻾 11/24, ?꾧퀎 117 ---
[?좊툕?뚰겕 p12] ?곹뭹 1媛?
  1/1 [_湲고?] ?덈줈???ъ쭊&移대찓??援먮낯 ?멸린 媛뺤궗媛 ?뚮젮二쇰뒗 醫뗭? ?ъ쭊     18,000  m0 d0
  ??data/products/_misc.json (18424媛?
--- 吏꾪뻾 12/24, ?꾧퀎 118 ---
[?좊툕?뚰겕 p13] ?곹뭹 0媛?
--- 吏꾪뻾 13/24, ?꾧퀎 118 ---
[?좊툕?뚰겕 p14] ?곹뭹 1媛?
  1/1 [罹먮끉] 罹먮끉 EOS 5Ds&5DsR ?꾨꼍媛?대뱶               28,000  m0 d0
  ??data/products/canon.json (548媛?
--- 吏꾪뻾 14/24, ?꾧퀎 119 ---
[?좊툕?뚰겕 p15] ?곹뭹 0媛?
--- 吏꾪뻾 15/24, ?꾧퀎 119 ---
[?좊툕?뚰겕 p16] ?곹뭹 0媛?
--- 吏꾪뻾 16/24, ?꾧퀎 119 ---
[?좊툕?뚰겕 p17] ?곹뭹 1媛?
  1/1 [_湲고?] ?뚮뜑?댁쫰 Peel&Paste Mouse Pad           24,000  m0 d1
  ??data/products/_misc.json (18424媛?
--- 吏꾪뻾 17/24, ?꾧퀎 120 ---
[?좊툕?뚰겕 p18] ?곹뭹 0媛?
--- 吏꾪뻾 18/24, ?꾧퀎 120 ---
[?좊툕?뚰겕 p19] ?곹뭹 0媛?
--- 吏꾪뻾 19/24, ?꾧퀎 120 ---
[?좊툕?뚰겕 p20] ?곹뭹 0媛?
--- 吏꾪뻾 20/24, ?꾧퀎 120 ---
[?좊툕?뚰겕 p21] ?곹뭹 0媛?
--- 吏꾪뻾 21/24, ?꾧퀎 120 ---
[?좊툕?뚰겕 p22] ?곹뭹 0媛?
--- 吏꾪뻾 22/24, ?꾧퀎 120 ---
[?좊툕?뚰겕 p23] ?곹뭹 0媛?
--- 吏꾪뻾 23/24, ?꾧퀎 120 ---
[?좊툕?뚰겕 p24] ?곹뭹 0媛?
--- 吏꾪뻾 24/24, ?꾧퀎 120 ---

=== ?꾨즺 釉뚮옖?쒕퀎 ?꾧퀎 ===
  _misc          87
  broncolor      27
  manfrotto      3
  idx            1
  rocknroller    1
  canon          1
