=== [수퍼바이저] hktools 실행 1/40 ===
=== HK툴스 전체 스크랩: 카테고리 37개 (완료스킵 32, 상품스킵 5776) ===
  … 리스트 수집 p10 (200개)
  … 리스트 수집 p20 (400개)
  … 리스트 수집 p30 (600개)
  … 리스트 수집 p40 (800개)
  … 리스트 수집 p50 (1000개)
  … 리스트 수집 p60 (1200개)
  … 리스트 수집 p70 (1400개)
  … 리스트 수집 p80 (1600개)
[HK툴스/01. 조명 · cate_no=2967] 상품 736개
    … 이미지 5/18
    … 이미지 10/18
    … 이미지 15/18
  1/736 [고독스] [GODOX] 고독스 EazyFlow Octa 150 초슬   169,000  m3 d15
    … 이미지 5/18
    … 이미지 10/18
    … 이미지 15/18
  2/736 [고독스] [GODOX] 고독스 EazyFlow Octa 120 초슬   145,000  m3 d15
    … 이미지 5/18
    … 이미지 10/18
    … 이미지 15/18
  3/736 [고독스] [GODOX] 고독스 EazyFlow Octa 90 초슬림   109,000  m3 d15
    … 이미지 5/18
    … 이미지 10/18
    … 이미지 15/18
  4/736 [고독스] [GODOX] 고독스 EazyFlow Octa 60 초슬림    85,000  m3 d15
    … 이미지 5/18
    … 이미지 10/18
    … 이미지 15/18
  5/736 [고독스] [GODOX] 고독스 EazyFlow 90x90 초슬림 접   105,000  m3 d15
    … 이미지 5/20
    … 이미지 10/20
    … 이미지 15/20
    … 이미지 20/20
  6/736 [고독스] [GODOX] 고독스 EazyFlow 60x60 초슬림 접    79,000  m7 d17
    … 이미지 5/18
    … 이미지 10/18
    … 이미지 15/18
  7/736 [고독스] [GODOX] 고독스 EazyFlow 40x40 초슬림 접    69,000  m3 d15
    … 이미지 5/18
    … 이미지 10/18
    … 이미지 15/18
  8/736 [고독스] [GODOX] 고독스 EazyFlow 60x90 초슬림 접    90,000  m3 d15
    … 이미지 5/20
    … 이미지 10/20
    … 이미지 15/20
    … 이미지 20/20
  9/736 [고독스] [GODOX] 고독스 EazyFlow 45X60 초슬림 접    79,000  m7 d17
    … 이미지 5/20
    … 이미지 10/20
    … 이미지 15/20
    … 이미지 20/20
  10/736 [고독스] [GODOX] 고독스 EazyFlow 40x90 초슬림 접    80,000  m7 d17
    … 이미지 5/18
    … 이미지 10/18
    … 이미지 15/18
  11/736 [고독스] [GODOX] 고독스 EazyFlow 30x45 초슬림 접    65,000  m3 d15
    … 이미지 5/19
    … 이미지 10/19
    … 이미지 15/19
  12/736 [프로포토] [PROFOTO] 프로포토(정품) Reflector Cas   274,000  m5 d15
    … 이미지 5/19
    … 이미지 10/19
    … 이미지 15/19
  13/736 [프로포토] [PROFOTO] 프로포토(정품) PowerBeam Ref   917,000  m5 d15
    … 이미지 5/19
    … 이미지 10/19
    … 이미지 15/19
  14/736 [프로포토] [PROFOTO] 프로포토(정품) MiniZoom Refl   182,000  m5 d15
    … 이미지 5/19
    … 이미지 10/19
    … 이미지 15/19
  15/736 [프로포토] [PROFOTO] 프로포토(정품) MaxiZoom Refl   274,000  m5 d15
    … 이미지 5/22
    … 이미지 10/22
    … 이미지 15/22
    … 이미지 20/22
  16/736 [프로포토] [PROFOTO] 프로포토(정품) Profoto Mask    320,000  m11 d18
    … 이미지 5/22
    … 이미지 10/22
    … 이미지 15/22
    … 이미지 20/22
  17/736 [프로포토] [PROFOTO] 프로포토(정품) Profoto Mask    208,000  m11 d18
    … 이미지 5/22
    … 이미지 10/22
    … 이미지 15/22
    … 이미지 20/22
  18/736 [프로포토] [PROFOTO] 프로포토(정품) Profoto Mask    320,000  m11 d18
    … 이미지 5/20
    … 이미지 10/20
    … 이미지 15/20
    … 이미지 20/20
  19/736 [프로포토] [PROFOTO] 프로포토(정품) Profoto Softb   210,000  m7 d16
    … 이미지 5/20
    … 이미지 10/20
    … 이미지 15/20
    … 이미지 20/20
  20/736 [프로포토] [PROFOTO] 프로포토(정품) Profoto Softb   128,000  m7 d16
    … 이미지 5/21
    … 이미지 10/21
    … 이미지 15/21
    … 이미지 20/21
  21/736 [프로포토] [PROFOTO] 프로포토(정품) Profoto Softb   130,000  m9 d17
    … 이미지 5/19
    … 이미지 10/19
    … 이미지 15/19
  22/736 [프로포토] [PROFOTO] 프로포토(정품) Profoto Softg   370,000  m5 d15
    … 이미지 5/19
    … 이미지 10/19
    … 이미지 15/19
  23/736 [프로포토] [PROFOTO] 프로포토(정품) Profoto Softg   320,000  m5 d15
    … 이미지 5/19
    … 이미지 10/19
    … 이미지 15/19
  24/736 [프로포토] [PROFOTO] 프로포토(정품) Profoto Softg   370,000  m5 d15
    … 이미지 5/19
    … 이미지 10/19
    … 이미지 15/19
  25/736 [프로포토] [PROFOTO] 프로포토(정품) Profoto Softb   970,000  m5 d15
    … 이미지 5/19
    … 이미지 10/19
    … 이미지 15/19
  26/736 [프로포토] [PROFOTO] 프로포토(정품) Profoto Softb   970,000  m5 d15
    … 이미지 5/19
    … 이미지 10/19
    … 이미지 15/19
  27/736 [프로포토] [PROFOTO] 프로포토(정품) Profoto Softb 1,130,000  m5 d15
    … 이미지 5/19
    … 이미지 10/19
    … 이미지 15/19
  28/736 [프로포토] [PROFOTO] 프로포토(정품) Profoto Softb 1,130,000  m5 d15
    … 이미지 5/19
    … 이미지 10/19
    … 이미지 15/19
  29/736 [프로포토] [PROFOTO] 프로포토(정품) Profoto Softb 1,130,000  m5 d15
    … 이미지 5/19
    … 이미지 10/19
    … 이미지 15/19
  30/736 [프로포토] [PROFOTO] 프로포토(정품) Profoto Softb 1,130,000  m5 d15
    … 이미지 5/20
    … 이미지 10/20
    … 이미지 15/20
    … 이미지 20/20
  31/736 [고독스] [GODOX] 고독스 P2400 아웃도어 스튜디오조명 플래 8,900,000  m7 d14
    … 이미지 5/42
    … 이미지 10/42
    … 이미지 15/42
    … 이미지 20/42
    … 이미지 25/42
    … 이미지 30/42
    … 이미지 35/42
    … 이미지 40/42
  32/736 [난룩스] [예약판매] [NANLUX] 난룩스 Evoke 5C KIT   410,000  m3 d38
    … 이미지 5/42
    … 이미지 10/42
    … 이미지 15/42
    … 이미지 20/42
    … 이미지 25/42
    … 이미지 30/42
    … 이미지 35/42
    … 이미지 40/42
  33/736 [난룩스] [예약판매] [NANLUX] 난룩스 Evoke 5C 8KI 4,600,000  m3 d38
    … 이미지 5/22
    … 이미지 10/22
    … 이미지 15/22
    … 이미지 20/22
  34/736 [고독스] [GODOX] 고독스 iT32 리튬 TTL 카메라 플래시    119,000  m3 d18
    … 이미지 5/20
    … 이미지 10/20
    … 이미지 15/20
    … 이미지 20/20
  35/736 [고독스] [GODOX] 고독스 X5 모음 마그네틱 핫슈 트리거 겸용    36,000  m3 d17
    … 이미지 5/16
    … 이미지 10/16
    … 이미지 15/16
  36/736 [고독스] [GODOX] 고독스 MA02 마그네틱 젤필터 키트 im3    20,000  m3 d13
    … 이미지 5/18
    … 이미지 10/18
    … 이미지 15/18
  37/736 [난룩스] [NANLUX] 난룩스 FL-22E BE마운트 전동 프레넬   780,000  m3 d15
    … 이미지 5/22
    … 이미지 10/22
    … 이미지 15/22
    … 이미지 20/22
  38/736 [아리] [ARRI] 아리 옴니바 크리에이터 세트 Omnibar C 1,362,000  m5 d19
    … 이미지 5/22
    … 이미지 10/22
    … 이미지 15/22
    … 이미지 20/22
  39/736 [아리] [ARRI] 아리 옴니바 2 세트 Omnibar 2 Set 1,480,000  m5 d19
    … 이미지 5/22
    … 이미지 10/22
    … 이미지 15/22
    … 이미지 20/22
  40/736 [아리] [ARRI] 아리 옴니바 4 세트 Omnibar 4 Set 1,843,000  m5 d19
    … 이미지 5/22
    … 이미지 10/22
    … 이미지 15/22
    … 이미지 20/22
  41/736 [아리] [ARRI] 아리 옴니바 프로덕션 키트 Omnibar Pr 13,613,000  m5 d19
    … 이미지 5/22
    … 이미지 10/22
    … 이미지 15/22
    … 이미지 20/22
  42/736 [아리] [ARRI] 아리 옴니바 콤보키트 Omnibar Combo 15,791,000  m5 d19
    … 이미지 5/16
    … 이미지 10/16
    … 이미지 15/16
  43/736 [고독스] [GODOX] 고독스 R200-CF 컬러 젤 키트         99,000  m3 d12
    … 이미지 5/24
    … 이미지 10/24
    … 이미지 15/24
    … 이미지 20/24
  44/736 [고독스] [GODOX] 고독스 X3pro 신형 대화면 무선동조기     145,000  m11 d16
    … 이미지 5/22
    … 이미지 10/22
    … 이미지 15/22
    … 이미지 20/22
  45/736 [고독스] [GODOX] 고독스 고독스 AD300Pro II 2세대    690,000  m9 d19
    … 이미지 5/16
    … 이미지 10/16
    … 이미지 15/16
  46/736 [고독스] [GODOX] 고독스 UB-130W 화이트 파라볼릭 엄브렐   110,000  m3 d12
    … 이미지 5/18
    … 이미지 10/18
    … 이미지 15/18
  47/736 [난룩스] [NANLUX] 난룩스 MD-DB-BE20 BE마운트 디퓨    49,000  m3 d15
    … 이미지 5/20
    … 이미지 10/20
    … 이미지 15/20
    … 이미지 20/20
  48/736 [난룩스] [NANLUX] 난룩스 FL-12E FE마운트 전동 프레넬   360,000  m3 d17
    … 이미지 5/16
    … 이미지 10/16
    … 이미지 15/16
  49/736 [고독스] [GODOX] 고독스 UL-BOX-Octa 90cm 접이식    89,000  m3 d12
    … 이미지 5/16
    … 이미지 10/16
    … 이미지 15/16
  50/736 [고독스] [GODOX] 고독스 UL-BOX-Octa 90cm 접이식    89,000  m3 d12
    … 이미지 5/16
    … 이미지 10/16
    … 이미지 15/16
  51/736 [고독스] [GODOX] 고독스 UL-BOX-Octa 60cm 접이식    69,000  m3 d12
    … 이미지 5/16
    … 이미지 10/16
    … 이미지 15/16
  52/736 [고독스] [GODOX] 고독스 UL-BOX-Octa 150cm 접이   120,000  m3 d12
    … 이미지 5/16
    … 이미지 10/16
    … 이미지 15/16
  53/736 [고독스] [GODOX] 고독스 SB-US Octa 120cm 엄브렐    89,000  m3 d12
    … 이미지 5/16
    … 이미지 10/16
    … 이미지 15/16
  54/736 [고독스] [GODOX] 고독스 SB-FW Octa 140cm 보웬스   120,000  m3 d12
    … 이미지 5/16
    … 이미지 10/16
    … 이미지 15/16
  55/736 [고독스] [GODOX] 고독스 SB-BW Octa 140cm 보웬스    80,000  m3 d12
    … 이미지 5/16
    … 이미지 10/16
    … 이미지 15/16
  56/736 [고독스] [GODOX] 고독스 SB-US Octa 80cm 엄브렐러    69,000  m3 d12
    … 이미지 5/16
    … 이미지 10/16
    … 이미지 15/16
  57/736 [고독스] [GODOX] 고독스 SB-FW Octa 120cm 보웬스    85,000  m3 d12
    … 이미지 5/16
    … 이미지 10/16
    … 이미지 15/16
  58/736 [고독스] [GODOX] 고독스 SB-BW Octa 95cm 보웬스     49,000  m3 d12
    … 이미지 5/16
    … 이미지 10/16
    … 이미지 15/16
  59/736 [고독스] [GODOX] 고독스 SB-BW Octa 120cm 보웬스    55,000  m3 d12
    … 이미지 5/16
    … 이미지 10/16
    … 이미지 15/16
  60/736 [고독스] [GODOX] 고독스 UL-BOX-90x120cm 접이식     99,000  m3 d12
    … 이미지 5/16
    … 이미지 10/16
    … 이미지 15/16
  61/736 [고독스] [GODOX] 고독스 UL-BOX-60x90cm 접이식 소    79,000  m3 d12
    … 이미지 5/16
    … 이미지 10/16
    … 이미지 15/16
  62/736 [고독스] [GODOX] 고독스 UL-BOX-60cm 접이식 정사각     65,000  m3 d12
    … 이미지 5/16
    … 이미지 10/16
    … 이미지 15/16
  63/736 [고독스] [GODOX] 고독스 UL-BOX-45x60cm 접이식 소    49,000  m3 d12
    … 이미지 5/16
    … 이미지 10/16
    … 이미지 15/16
  64/736 [고독스] [GODOX] 고독스 UL-BOX-40cm 접이식 정사각     59,000  m3 d12
    … 이미지 5/16
    … 이미지 10/16
    … 이미지 15/16
  65/736 [고독스] [GODOX] 고독스 UL-BOX-30x90cm 접이식 스    65,000  m3 d12
    … 이미지 5/16
    … 이미지 10/16
    … 이미지 15/16
  66/736 [고독스] [GODOX] 고독스 UL-BOX-30x45cm 접이식 소    59,000  m3 d12
    … 이미지 5/16
    … 이미지 10/16
    … 이미지 15/16
  67/736 [고독스] [GODOX] 고독스 SB-US 90*90cm 엄브렐러 보    65,000  m3 d12
    … 이미지 5/17
    … 이미지 10/17
    … 이미지 15/17
  68/736 [고독스] [GODOX] 고독스 SB-US 60*90cm 엄브렐러 보    59,000  m3 d12
    … 이미지 5/16
    … 이미지 10/16
    … 이미지 15/16
  69/736 [고독스] [GODOX] 고독스 SB-US 50*70cm 접이식 직사    45,000  m3 d12
    … 이미지 5/17
    … 이미지 10/17
    … 이미지 15/17
  70/736 [고독스] [GODOX] 고독스 SB-FW 80x120cm 보웬스 소    75,000  m3 d12
    … 이미지 5/16
    … 이미지 10/16
    … 이미지 15/16
  71/736 [고독스] [GODOX] 고독스 SB-FW 70100 보웬스 소프트박    65,000  m3 d12
    … 이미지 5/16
    … 이미지 10/16
    … 이미지 15/16
  72/736 [고독스] [GODOX] 고독스 SB-FW 60x60cm 보웬스 소프    45,000  m3 d12
    … 이미지 5/16
    … 이미지 10/16
    … 이미지 15/16
  73/736 [고독스] [GODOX] 고독스 SB-FW 6090 보웬스 소프트박스    55,000  m3 d12
    … 이미지 5/16
    … 이미지 10/16
    … 이미지 15/16
  74/736 [고독스] [GODOX] 고독스 SB-FW 22x90cm 보웬스 소프    55,000  m3 d12
    … 이미지 5/20
    … 이미지 10/20
    … 이미지 15/20
    … 이미지 20/20
  75/736 [고독스] [GODOX] 고독스 LDX-S100 LDX100Bi &     39,000  m11 d16
    … 이미지 5/16
    … 이미지 10/16
    … 이미지 15/16
  76/736 [고독스] [GODOX] 고독스 LD-SG150RS 소프트박스 LD     79,000  m3 d12
    … 이미지 5/16
    … 이미지 10/16
    … 이미지 15/16
  77/736 [고독스] [GODOX] 고독스 LD-SG150R 소프트박스 LD 시    79,000  m3 d12
    … 이미지 5/16
    … 이미지 10/16
    … 이미지 15/16
  78/736 [고독스] [GODOX] 고독스 SB-BW 60x90cm 직사각 소프    35,000  m3 d12
    … 이미지 5/16
    … 이미지 10/16
    … 이미지 15/16
  79/736 [고독스] [GODOX] 고독스 SB-USW 80120CM 보웬스 접    79,000  m3 d12
    … 이미지 5/20
    … 이미지 10/20
    … 이미지 15/20
    … 이미지 20/20
  80/736 [고독스] [GODOX] 고독스 SB-FW 35x160cm 보웬스 소    65,000  m3 d16
    … 이미지 5/16
    … 이미지 10/16
    … 이미지 15/16
  81/736 [고독스] [GODOX] 고독스 SB-FW 30x120cm 보웬스 소    59,000  m3 d12
    … 이미지 5/16
    … 이미지 10/16
    … 이미지 15/16
  82/736 [고독스] [GODOX] 고독스 SB-BW 80x120cm 보웬스 소    45,000  m3 d12
    … 이미지 5/16
    … 이미지 10/16
    … 이미지 15/16
  83/736 [고독스] [GODOX] 고독스 SB-BW 70x100cm 보웬스 소    40,000  m3 d12
    … 이미지 5/18
    … 이미지 10/18
    … 이미지 15/18
  84/736 [고독스] [GODOX] 고독스 Skirt CS-85T 랜턴 잼볼 소    65,000  m3 d12
    … 이미지 5/18
    … 이미지 10/18
    … 이미지 15/18
  85/736 [고독스] [GODOX] 고독스 Skirt CS-65T 랜턴 잼볼 소    57,000  m3 d12
    … 이미지 5/18
    … 이미지 10/18
    … 이미지 15/18
  86/736 [고독스] [GODOX] 고독스 Skirt CS-50T 랜턴 잼볼 소    53,000  m3 d12
    … 이미지 5/16
    … 이미지 10/16
    … 이미지 15/16
  87/736 [고독스] [GODOX] 고독스 KNOWLED FP600 플렉서블라이    85,000  m3 d12
    … 이미지 5/16
    … 이미지 10/16
    … 이미지 15/16
  88/736 [고독스] [GODOX] 고독스 KNOWLED FP50 랜턴 잼볼 소    18,000  m3 d12
    … 이미지 5/16
    … 이미지 10/16
    … 이미지 15/16
  89/736 [고독스] [GODOX] 고독스 KNOWLED FP400 플렉서블라이    65,000  m3 d12
    … 이미지 5/16
    … 이미지 10/16
    … 이미지 15/16
  90/736 [고독스] [GODOX] 고독스 KNOWLED FP200 플렉서블라이    40,000  m3 d12
    … 이미지 5/16
    … 이미지 10/16
    … 이미지 15/16
  91/736 [고독스] [GODOX] 고독스 CS85D 접이식 랜턴 소프트박스 L    99,000  m3 d12
    … 이미지 5/23
    … 이미지 10/23
    … 이미지 15/23
    … 이미지 20/23
  92/736 [고독스] [GODOX] 고독스 CS50D 접이식 랜턴 소프트박스 L    70,000  m5 d13
    … 이미지 5/18
    … 이미지 10/18
    … 이미지 15/18
  93/736 [고독스] [GODOX] 고독스 CS-85T 접이식 랜턴 소프트박스     84,000  m3 d12
    … 이미지 5/18
    … 이미지 10/18
    … 이미지 15/18
  94/736 [고독스] [GODOX] 고독스 CS-65T 접이식 랜턴 소프트박스     82,000  m3 d12
    … 이미지 5/18
    … 이미지 10/18
    … 이미지 15/18
  95/736 [고독스] [GODOX] 고독스 CS-50T 접이식 랜턴 소프트박스     79,000  m3 d12
    … 이미지 5/16
    … 이미지 10/16
    … 이미지 15/16
  96/736 [고독스] [GODOX] 고독스 CS65D 접이식 랜턴 소프트박스 L    75,000  m3 d12
    … 이미지 5/16
    … 이미지 10/16
    … 이미지 15/16
  97/736 [고독스] [GODOX] 고독스 QR-P90T 퀵릴리즈 파라볼릭 소프   145,000  m3 d12
    … 이미지 5/20
    … 이미지 10/20
    … 이미지 15/20
    … 이미지 20/20
  98/736 [고독스] [GODOX] 고독스 QR-P90                 189,000  m7 d14
    … 이미지 5/18
    … 이미지 10/18
    … 이미지 15/18
  99/736 [고독스] [GODOX] 고독스 QR-P70T 퀵릴리즈 파라볼릭 소프   120,000  m7 d14
    … 이미지 5/16
    … 이미지 10/16
    … 이미지 15/16
