=== [수퍼바이저] hktools 실행 1/40 ===
=== HK툴스 전체 스크랩: 카테고리 37개 (완료스킵 32, 상품스킵 5776) ===
  … 리스트 수집 p10 (200개)
  … 리스트 수집 p20 (400개)
  … 리스트 수집 p30 (600개)
  … 리스트 수집 p40 (800개)
  … 리스트 수집 p50 (1000개)
  … 리스트 수집 p60 (1200개)
  … 리스트 수집 p70 (1400개)
  … 리스트 수집 p80 (1600개)
[HK툴스/01. 조명 · cate_no=2967] 상품 736개
    … 이미지 5/18
    … 이미지 10/18
    … 이미지 15/18
  1/736 [고독스] [GODOX] 고독스 EazyFlow Octa 150 초슬   169,000  m3 d15
    … 이미지 5/18
    … 이미지 10/18
    … 이미지 15/18
  2/736 [고독스] [GODOX] 고독스 EazyFlow Octa 120 초슬   145,000  m3 d15
    … 이미지 5/18
    … 이미지 10/18
    … 이미지 15/18
  3/736 [고독스] [GODOX] 고독스 EazyFlow Octa 90 초슬림   109,000  m3 d15
    … 이미지 5/18
    … 이미지 10/18
    … 이미지 15/18
  4/736 [고독스] [GODOX] 고독스 EazyFlow Octa 60 초슬림    85,000  m3 d15
    … 이미지 5/18
    … 이미지 10/18
    … 이미지 15/18
  5/736 [고독스] [GODOX] 고독스 EazyFlow 90x90 초슬림 접   105,000  m3 d15
    … 이미지 5/20
    … 이미지 10/20
    … 이미지 15/20
    … 이미지 20/20
  6/736 [고독스] [GODOX] 고독스 EazyFlow 60x60 초슬림 접    79,000  m7 d17
    … 이미지 5/18
    … 이미지 10/18
    … 이미지 15/18
  7/736 [고독스] [GODOX] 고독스 EazyFlow 40x40 초슬림 접    69,000  m3 d15
    … 이미지 5/18
    … 이미지 10/18
    … 이미지 15/18
  8/736 [고독스] [GODOX] 고독스 EazyFlow 60x90 초슬림 접    90,000  m3 d15
    … 이미지 5/20
    … 이미지 10/20
    … 이미지 15/20
    … 이미지 20/20
  9/736 [고독스] [GODOX] 고독스 EazyFlow 45X60 초슬림 접    79,000  m7 d17
    … 이미지 5/20
    … 이미지 10/20
    … 이미지 15/20
    … 이미지 20/20
  10/736 [고독스] [GODOX] 고독스 EazyFlow 40x90 초슬림 접    80,000  m7 d17
    … 이미지 5/18
    … 이미지 10/18
    … 이미지 15/18
  11/736 [고독스] [GODOX] 고독스 EazyFlow 30x45 초슬림 접    65,000  m3 d15
    … 이미지 5/19
    … 이미지 10/19
    … 이미지 15/19
  12/736 [프로포토] [PROFOTO] 프로포토(정품) Reflector Cas   274,000  m5 d15
    … 이미지 5/19
    … 이미지 10/19
    … 이미지 15/19
  13/736 [프로포토] [PROFOTO] 프로포토(정품) PowerBeam Ref   917,000  m5 d15
    … 이미지 5/19
    … 이미지 10/19
    … 이미지 15/19
  14/736 [프로포토] [PROFOTO] 프로포토(정품) MiniZoom Refl   182,000  m5 d15
    … 이미지 5/19
    … 이미지 10/19
    … 이미지 15/19
  15/736 [프로포토] [PROFOTO] 프로포토(정품) MaxiZoom Refl   274,000  m5 d15
    … 이미지 5/22
    … 이미지 10/22
    … 이미지 15/22
    … 이미지 20/22
  16/736 [프로포토] [PROFOTO] 프로포토(정품) Profoto Mask    320,000  m11 d18
    … 이미지 5/22
    … 이미지 10/22
    … 이미지 15/22
    … 이미지 20/22
  17/736 [프로포토] [PROFOTO] 프로포토(정품) Profoto Mask    208,000  m11 d18
    … 이미지 5/22
    … 이미지 10/22
    … 이미지 15/22
    … 이미지 20/22
  18/736 [프로포토] [PROFOTO] 프로포토(정품) Profoto Mask    320,000  m11 d18
    … 이미지 5/20
    … 이미지 10/20
    … 이미지 15/20
    … 이미지 20/20
  19/736 [프로포토] [PROFOTO] 프로포토(정품) Profoto Softb   210,000  m7 d16
    … 이미지 5/20
    … 이미지 10/20
    … 이미지 15/20
    … 이미지 20/20
  20/736 [프로포토] [PROFOTO] 프로포토(정품) Profoto Softb   128,000  m7 d16
    … 이미지 5/21
    … 이미지 10/21
    … 이미지 15/21
    … 이미지 20/21
  21/736 [프로포토] [PROFOTO] 프로포토(정품) Profoto Softb   130,000  m9 d17
    … 이미지 5/19
    … 이미지 10/19
    … 이미지 15/19
  22/736 [프로포토] [PROFOTO] 프로포토(정품) Profoto Softg   370,000  m5 d15
    … 이미지 5/19
    … 이미지 10/19
    … 이미지 15/19
  23/736 [프로포토] [PROFOTO] 프로포토(정품) Profoto Softg   320,000  m5 d15
    … 이미지 5/19
    … 이미지 10/19
    … 이미지 15/19
  24/736 [프로포토] [PROFOTO] 프로포토(정품) Profoto Softg   370,000  m5 d15
    … 이미지 5/19
    … 이미지 10/19
    … 이미지 15/19
  25/736 [프로포토] [PROFOTO] 프로포토(정품) Profoto Softb   970,000  m5 d15
    … 이미지 5/19
    … 이미지 10/19
    … 이미지 15/19
  26/736 [프로포토] [PROFOTO] 프로포토(정품) Profoto Softb   970,000  m5 d15
    … 이미지 5/19
    … 이미지 10/19
    … 이미지 15/19
  27/736 [프로포토] [PROFOTO] 프로포토(정품) Profoto Softb 1,130,000  m5 d15
    … 이미지 5/19
    … 이미지 10/19
    … 이미지 15/19
  28/736 [프로포토] [PROFOTO] 프로포토(정품) Profoto Softb 1,130,000  m5 d15
    … 이미지 5/19
    … 이미지 10/19
    … 이미지 15/19
  29/736 [프로포토] [PROFOTO] 프로포토(정품) Profoto Softb 1,130,000  m5 d15
    … 이미지 5/19
    … 이미지 10/19
    … 이미지 15/19
  30/736 [프로포토] [PROFOTO] 프로포토(정품) Profoto Softb 1,130,000  m5 d15
    … 이미지 5/20
    … 이미지 10/20
    … 이미지 15/20
    … 이미지 20/20
  31/736 [고독스] [GODOX] 고독스 P2400 아웃도어 스튜디오조명 플래 8,900,000  m7 d14
    … 이미지 5/42
    … 이미지 10/42
    … 이미지 15/42
    … 이미지 20/42
    … 이미지 25/42
    … 이미지 30/42
    … 이미지 35/42
    … 이미지 40/42
  32/736 [난룩스] [예약판매] [NANLUX] 난룩스 Evoke 5C KIT   410,000  m3 d38
    … 이미지 5/42
    … 이미지 10/42
    … 이미지 15/42
    … 이미지 20/42
    … 이미지 25/42
    … 이미지 30/42
    … 이미지 35/42
    … 이미지 40/42
  33/736 [난룩스] [예약판매] [NANLUX] 난룩스 Evoke 5C 8KI 4,600,000  m3 d38
    … 이미지 5/22
    … 이미지 10/22
    … 이미지 15/22
    … 이미지 20/22
  34/736 [고독스] [GODOX] 고독스 iT32 리튬 TTL 카메라 플래시    119,000  m3 d18
    … 이미지 5/20
    … 이미지 10/20
    … 이미지 15/20
    … 이미지 20/20
  35/736 [고독스] [GODOX] 고독스 X5 모음 마그네틱 핫슈 트리거 겸용    36,000  m3 d17
    … 이미지 5/16
    … 이미지 10/16
    … 이미지 15/16
  36/736 [고독스] [GODOX] 고독스 MA02 마그네틱 젤필터 키트 im3    20,000  m3 d13
    … 이미지 5/18
    … 이미지 10/18
    … 이미지 15/18
  37/736 [난룩스] [NANLUX] 난룩스 FL-22E BE마운트 전동 프레넬   780,000  m3 d15
    … 이미지 5/22
    … 이미지 10/22
    … 이미지 15/22
    … 이미지 20/22
  38/736 [아리] [ARRI] 아리 옴니바 크리에이터 세트 Omnibar C 1,362,000  m5 d19
    … 이미지 5/22
    … 이미지 10/22
    … 이미지 15/22
    … 이미지 20/22
  39/736 [아리] [ARRI] 아리 옴니바 2 세트 Omnibar 2 Set 1,480,000  m5 d19
    … 이미지 5/22
    … 이미지 10/22
    … 이미지 15/22
    … 이미지 20/22
  40/736 [아리] [ARRI] 아리 옴니바 4 세트 Omnibar 4 Set 1,843,000  m5 d19
    … 이미지 5/22
    … 이미지 10/22
    … 이미지 15/22
    … 이미지 20/22
  41/736 [아리] [ARRI] 아리 옴니바 프로덕션 키트 Omnibar Pr 13,613,000  m5 d19
    … 이미지 5/22
    … 이미지 10/22
    … 이미지 15/22
    … 이미지 20/22
  42/736 [아리] [ARRI] 아리 옴니바 콤보키트 Omnibar Combo 15,791,000  m5 d19
    … 이미지 5/16
    … 이미지 10/16
    … 이미지 15/16
  43/736 [고독스] [GODOX] 고독스 R200-CF 컬러 젤 키트         99,000  m3 d12
    … 이미지 5/24
    … 이미지 10/24
    … 이미지 15/24
    … 이미지 20/24
  44/736 [고독스] [GODOX] 고독스 X3pro 신형 대화면 무선동조기     145,000  m11 d16
    … 이미지 5/22
    … 이미지 10/22
    … 이미지 15/22
    … 이미지 20/22
  45/736 [고독스] [GODOX] 고독스 고독스 AD300Pro II 2세대    690,000  m9 d19
    … 이미지 5/16
    … 이미지 10/16
    … 이미지 15/16
  46/736 [고독스] [GODOX] 고독스 UB-130W 화이트 파라볼릭 엄브렐   110,000  m3 d12
    … 이미지 5/18
    … 이미지 10/18
    … 이미지 15/18
  47/736 [난룩스] [NANLUX] 난룩스 MD-DB-BE20 BE마운트 디퓨    49,000  m3 d15
    … 이미지 5/20
    … 이미지 10/20
    … 이미지 15/20
    … 이미지 20/20
  48/736 [난룩스] [NANLUX] 난룩스 FL-12E FE마운트 전동 프레넬   360,000  m3 d17
    … 이미지 5/16
    … 이미지 10/16
    … 이미지 15/16
  49/736 [고독스] [GODOX] 고독스 UL-BOX-Octa 90cm 접이식    89,000  m3 d12
    … 이미지 5/16
    … 이미지 10/16
    … 이미지 15/16
  50/736 [고독스] [GODOX] 고독스 UL-BOX-Octa 90cm 접이식    89,000  m3 d12
    … 이미지 5/16
    … 이미지 10/16
    … 이미지 15/16
  51/736 [고독스] [GODOX] 고독스 UL-BOX-Octa 60cm 접이식    69,000  m3 d12
    … 이미지 5/16
    … 이미지 10/16
    … 이미지 15/16
  52/736 [고독스] [GODOX] 고독스 UL-BOX-Octa 150cm 접이   120,000  m3 d12
    … 이미지 5/16
    … 이미지 10/16
    … 이미지 15/16
  53/736 [고독스] [GODOX] 고독스 SB-US Octa 120cm 엄브렐    89,000  m3 d12
    … 이미지 5/16
    … 이미지 10/16
    … 이미지 15/16
  54/736 [고독스] [GODOX] 고독스 SB-FW Octa 140cm 보웬스   120,000  m3 d12
    … 이미지 5/16
    … 이미지 10/16
    … 이미지 15/16
  55/736 [고독스] [GODOX] 고독스 SB-BW Octa 140cm 보웬스    80,000  m3 d12
    … 이미지 5/16
    … 이미지 10/16
    … 이미지 15/16
  56/736 [고독스] [GODOX] 고독스 SB-US Octa 80cm 엄브렐러    69,000  m3 d12
    … 이미지 5/16
    … 이미지 10/16
    … 이미지 15/16
  57/736 [고독스] [GODOX] 고독스 SB-FW Octa 120cm 보웬스    85,000  m3 d12
    … 이미지 5/16
    … 이미지 10/16
    … 이미지 15/16
  58/736 [고독스] [GODOX] 고독스 SB-BW Octa 95cm 보웬스     49,000  m3 d12
    … 이미지 5/16
    … 이미지 10/16
    … 이미지 15/16
  59/736 [고독스] [GODOX] 고독스 SB-BW Octa 120cm 보웬스    55,000  m3 d12
    … 이미지 5/16
    … 이미지 10/16
    … 이미지 15/16
  60/736 [고독스] [GODOX] 고독스 UL-BOX-90x120cm 접이식     99,000  m3 d12
    … 이미지 5/16
    … 이미지 10/16
    … 이미지 15/16
  61/736 [고독스] [GODOX] 고독스 UL-BOX-60x90cm 접이식 소    79,000  m3 d12
    … 이미지 5/16
    … 이미지 10/16
    … 이미지 15/16
  62/736 [고독스] [GODOX] 고독스 UL-BOX-60cm 접이식 정사각     65,000  m3 d12
    … 이미지 5/16
    … 이미지 10/16
    … 이미지 15/16
  63/736 [고독스] [GODOX] 고독스 UL-BOX-45x60cm 접이식 소    49,000  m3 d12
    … 이미지 5/16
    … 이미지 10/16
    … 이미지 15/16
  64/736 [고독스] [GODOX] 고독스 UL-BOX-40cm 접이식 정사각     59,000  m3 d12
    … 이미지 5/16
    … 이미지 10/16
    … 이미지 15/16
  65/736 [고독스] [GODOX] 고독스 UL-BOX-30x90cm 접이식 스    65,000  m3 d12
    … 이미지 5/16
    … 이미지 10/16
    … 이미지 15/16
  66/736 [고독스] [GODOX] 고독스 UL-BOX-30x45cm 접이식 소    59,000  m3 d12
    … 이미지 5/16
    … 이미지 10/16
    … 이미지 15/16
  67/736 [고독스] [GODOX] 고독스 SB-US 90*90cm 엄브렐러 보    65,000  m3 d12
    … 이미지 5/17
    … 이미지 10/17
    … 이미지 15/17
  68/736 [고독스] [GODOX] 고독스 SB-US 60*90cm 엄브렐러 보    59,000  m3 d12
    … 이미지 5/16
    … 이미지 10/16
    … 이미지 15/16
  69/736 [고독스] [GODOX] 고독스 SB-US 50*70cm 접이식 직사    45,000  m3 d12
    … 이미지 5/17
    … 이미지 10/17
    … 이미지 15/17
  70/736 [고독스] [GODOX] 고독스 SB-FW 80x120cm 보웬스 소    75,000  m3 d12
    … 이미지 5/16
    … 이미지 10/16
    … 이미지 15/16
  71/736 [고독스] [GODOX] 고독스 SB-FW 70100 보웬스 소프트박    65,000  m3 d12
    … 이미지 5/16
    … 이미지 10/16
    … 이미지 15/16
  72/736 [고독스] [GODOX] 고독스 SB-FW 60x60cm 보웬스 소프    45,000  m3 d12
    … 이미지 5/16
    … 이미지 10/16
    … 이미지 15/16
  73/736 [고독스] [GODOX] 고독스 SB-FW 6090 보웬스 소프트박스    55,000  m3 d12
    … 이미지 5/16
    … 이미지 10/16
    … 이미지 15/16
  74/736 [고독스] [GODOX] 고독스 SB-FW 22x90cm 보웬스 소프    55,000  m3 d12
    … 이미지 5/20
    … 이미지 10/20
    … 이미지 15/20
    … 이미지 20/20
  75/736 [고독스] [GODOX] 고독스 LDX-S100 LDX100Bi &     39,000  m11 d16
    … 이미지 5/16
    … 이미지 10/16
    … 이미지 15/16
  76/736 [고독스] [GODOX] 고독스 LD-SG150RS 소프트박스 LD     79,000  m3 d12
    … 이미지 5/16
    … 이미지 10/16
    … 이미지 15/16
  77/736 [고독스] [GODOX] 고독스 LD-SG150R 소프트박스 LD 시    79,000  m3 d12
    … 이미지 5/16
    … 이미지 10/16
    … 이미지 15/16
  78/736 [고독스] [GODOX] 고독스 SB-BW 60x90cm 직사각 소프    35,000  m3 d12
    … 이미지 5/16
    … 이미지 10/16
    … 이미지 15/16
  79/736 [고독스] [GODOX] 고독스 SB-USW 80120CM 보웬스 접    79,000  m3 d12
    … 이미지 5/20
    … 이미지 10/20
    … 이미지 15/20
    … 이미지 20/20
  80/736 [고독스] [GODOX] 고독스 SB-FW 35x160cm 보웬스 소    65,000  m3 d16
    … 이미지 5/16
    … 이미지 10/16
    … 이미지 15/16
  81/736 [고독스] [GODOX] 고독스 SB-FW 30x120cm 보웬스 소    59,000  m3 d12
    … 이미지 5/16
    … 이미지 10/16
    … 이미지 15/16
  82/736 [고독스] [GODOX] 고독스 SB-BW 80x120cm 보웬스 소    45,000  m3 d12
    … 이미지 5/16
    … 이미지 10/16
    … 이미지 15/16
  83/736 [고독스] [GODOX] 고독스 SB-BW 70x100cm 보웬스 소    40,000  m3 d12
    … 이미지 5/18
    … 이미지 10/18
    … 이미지 15/18
  84/736 [고독스] [GODOX] 고독스 Skirt CS-85T 랜턴 잼볼 소    65,000  m3 d12
    … 이미지 5/18
    … 이미지 10/18
    … 이미지 15/18
  85/736 [고독스] [GODOX] 고독스 Skirt CS-65T 랜턴 잼볼 소    57,000  m3 d12
    … 이미지 5/18
    … 이미지 10/18
    … 이미지 15/18
  86/736 [고독스] [GODOX] 고독스 Skirt CS-50T 랜턴 잼볼 소    53,000  m3 d12
    … 이미지 5/16
    … 이미지 10/16
    … 이미지 15/16
  87/736 [고독스] [GODOX] 고독스 KNOWLED FP600 플렉서블라이    85,000  m3 d12
    … 이미지 5/16
    … 이미지 10/16
    … 이미지 15/16
  88/736 [고독스] [GODOX] 고독스 KNOWLED FP50 랜턴 잼볼 소    18,000  m3 d12
    … 이미지 5/16
    … 이미지 10/16
    … 이미지 15/16
  89/736 [고독스] [GODOX] 고독스 KNOWLED FP400 플렉서블라이    65,000  m3 d12
    … 이미지 5/16
    … 이미지 10/16
    … 이미지 15/16
  90/736 [고독스] [GODOX] 고독스 KNOWLED FP200 플렉서블라이    40,000  m3 d12
    … 이미지 5/16
    … 이미지 10/16
    … 이미지 15/16
  91/736 [고독스] [GODOX] 고독스 CS85D 접이식 랜턴 소프트박스 L    99,000  m3 d12
    … 이미지 5/23
    … 이미지 10/23
    … 이미지 15/23
    … 이미지 20/23
  92/736 [고독스] [GODOX] 고독스 CS50D 접이식 랜턴 소프트박스 L    70,000  m5 d13
    … 이미지 5/18
    … 이미지 10/18
    … 이미지 15/18
  93/736 [고독스] [GODOX] 고독스 CS-85T 접이식 랜턴 소프트박스     84,000  m3 d12
    … 이미지 5/18
    … 이미지 10/18
    … 이미지 15/18
  94/736 [고독스] [GODOX] 고독스 CS-65T 접이식 랜턴 소프트박스     82,000  m3 d12
    … 이미지 5/18
    … 이미지 10/18
    … 이미지 15/18
  95/736 [고독스] [GODOX] 고독스 CS-50T 접이식 랜턴 소프트박스     79,000  m3 d12
    … 이미지 5/16
    … 이미지 10/16
    … 이미지 15/16
  96/736 [고독스] [GODOX] 고독스 CS65D 접이식 랜턴 소프트박스 L    75,000  m3 d12
    … 이미지 5/16
    … 이미지 10/16
    … 이미지 15/16
  97/736 [고독스] [GODOX] 고독스 QR-P90T 퀵릴리즈 파라볼릭 소프   145,000  m3 d12
    … 이미지 5/20
    … 이미지 10/20
    … 이미지 15/20
    … 이미지 20/20
  98/736 [고독스] [GODOX] 고독스 QR-P90                 189,000  m7 d14
    … 이미지 5/18
    … 이미지 10/18
    … 이미지 15/18
  99/736 [고독스] [GODOX] 고독스 QR-P70T 퀵릴리즈 파라볼릭 소프   120,000  m7 d14
    … 이미지 5/16
    … 이미지 10/16
    … 이미지 15/16
  100/736 [고독스] [GODOX] 고독스 QR-P70 퀵릴리즈 파라볼릭 소프트   149,000  m3 d12
    … 이미지 5/18
    … 이미지 10/18
    … 이미지 15/18
  101/736 [고독스] [GODOX] 고독스 QR-P60T 퀵릴리즈 파라볼릭 소프   120,000  m7 d14
    … 이미지 5/18
    … 이미지 10/18
    … 이미지 15/18
  102/736 [고독스] [GODOX] 고독스 QR-P150T 퀵릴리즈 파라볼릭 소   200,000  m7 d14
    … 이미지 5/18
    … 이미지 10/18
    … 이미지 15/18
  103/736 [고독스] [GODOX] 고독스 QR-P120T 퀵릴리즈 파라볼릭 소   170,000  m7 d14
    … 이미지 5/15
    … 이미지 10/15
    … 이미지 15/15
  104/736 [고독스] [GODOX] 고독스 QR-P120 퀵릴리즈 파라볼릭 소프   220,000  m3 d12
    … 이미지 5/16
    … 이미지 10/16
    … 이미지 15/16
  105/736 [고독스] [GODOX] 고독스 P90L 파라볼릭 소프트박스        129,000  m3 d12
    … 이미지 5/16
    … 이미지 10/16
    … 이미지 15/16
  106/736 [고독스] [GODOX] 고독스 P90H 파라볼릭 소프트박스 90cm   129,000  m3 d12
    … 이미지 5/16
    … 이미지 10/16
    … 이미지 15/16
  107/736 [고독스] [GODOX] 고독스 P120L 파라볼릭 소프트박스       149,000  m3 d12
    … 이미지 5/16
    … 이미지 10/16
    … 이미지 15/16
  108/736 [고독스] [GODOX] 고독스 P120H 120Cm 파라볼릭 소프트   149,000  m3 d12
    … 이미지 5/16
    … 이미지 10/16
    … 이미지 15/16
  109/736 [고독스] [GODOX] 고독스 AD-S85W 파라볼릭 소프트박스 G   120,000  m3 d12
    … 이미지 5/16
    … 이미지 10/16
    … 이미지 15/16
  110/736 [고독스] [GODOX] 고독스 AD-S85S 실버반사 파라볼릭 소프   120,000  m3 d12
    … 이미지 5/17
    … 이미지 10/17
    … 이미지 15/17
  111/736 [고독스] [GODOX] 고독스 Parabolic P88KIT 파라볼 1,590,000  m3 d12
    … 이미지 5/17
    … 이미지 10/17
    … 이미지 15/17
  112/736 [고독스] [GODOX] 고독스 Parabolic P158KIT 파라 2,100,000  m3 d12
    … 이미지 5/17
    … 이미지 10/17
    … 이미지 15/17
  113/736 [고독스] [GODOX] 고독스 Parabolic P128KIT 파라 1,790,000  m3 d12
    … 이미지 5/15
    … 이미지 10/15
    … 이미지 15/15
  114/736 [고독스] [GODOX] 고독스 P88-LG Parabolic P88   390,000  m3 d12
    … 이미지 5/15
    … 이미지 10/15
    … 이미지 15/15
  115/736 [고독스] [GODOX] 고독스 P88-D2 Parabolic P88   250,000  m3 d12
    … 이미지 5/15
    … 이미지 10/15
    … 이미지 15/15
  116/736 [고독스] [GODOX] 고독스 P88-D1 Parabolic P88   250,000  m3 d12
    … 이미지 5/15
    … 이미지 10/15
    … 이미지 15/15
  117/736 [고독스] [GODOX] 고독스 P158-LG Parabolic P1   450,000  m3 d12
    … 이미지 5/15
    … 이미지 10/15
    … 이미지 15/15
  118/736 [고독스] [GODOX] 고독스 P158-D2 Parabolic P1   320,000  m3 d12
    … 이미지 5/15
    … 이미지 10/15
    … 이미지 15/15
  119/736 [고독스] [GODOX] 고독스 P158-D1 Parabolic P1   320,000  m3 d12
    … 이미지 5/15
    … 이미지 10/15
    … 이미지 15/15
  120/736 [고독스] [GODOX] 고독스 P128-LG Parabolic P1   390,000  m3 d12
    … 이미지 5/16
    … 이미지 10/16
    … 이미지 15/16
  121/736 [고독스] [GODOX] 고독스 P128-D2 Parabolic P1   290,000  m3 d12
    … 이미지 5/16
    … 이미지 10/16
    … 이미지 15/16
  122/736 [고독스] [GODOX] 고독스 P128-D1 Parabolic P1   290,000  m3 d12
    … 이미지 5/16
    … 이미지 10/16
    … 이미지 15/16
  123/736 [고독스] [GODOX] 고독스 260T 에어쿠션 스튜디오 라이트 스    50,000  m3 d12
    … 이미지 5/16
    … 이미지 10/16
    … 이미지 15/16
  124/736 [고독스] [GODOX] 고독스 303 스튜디오 라이트 스탠드        50,000  m3 d12
    … 이미지 5/16
    … 이미지 10/16
    … 이미지 15/16
  125/736 [고독스] [GODOX] 고독스 290F 고중량 조명스탠드 3단 29    89,000  m3 d12
    … 이미지 5/16
    … 이미지 10/16
    … 이미지 15/16
  126/736 [고독스] [GODOX] 고독스 302 스피드라이트 라이트 스탠드      35,000  m3 d12
    … 이미지 5/16
    … 이미지 10/16
    … 이미지 15/16
  127/736 [고독스] [GODOX] 고독스 380F 고중량 조명스탠드 4단 38   120,000  m3 d12
    … 이미지 5/16
    … 이미지 10/16
    … 이미지 15/16
  128/736 [고독스] [GODOX] 고독스 210F 경량 접이식 조명스탠드 5단    55,000  m3 d12
    … 이미지 5/16
    … 이미지 10/16
    … 이미지 15/16
  129/736 [고독스] [GODOX] 고독스 300F 경량 표준 조명스탠드 4단     59,000  m3 d12
    … 이미지 5/16
    … 이미지 10/16
    … 이미지 15/16
  130/736 [고독스] [GODOX] 고독스 240F 경량 표준 조명스탠드 4단     59,000  m3 d12
    … 이미지 5/16
    … 이미지 10/16
    … 이미지 15/16
  131/736 [고독스] [GODOX] 고독스 160F Litemons LC30 조    25,000  m3 d12
    … 이미지 5/16
    … 이미지 10/16
    … 이미지 15/16
  132/736 [고독스] [GODOX] 고독스 304 표준 조명스탠드 75-200c    32,000  m3 d12
    … 이미지 5/16
    … 이미지 10/16
    … 이미지 15/16
  133/736 [고독스] [GODOX] 고독스 BS04 이동식 배경스탠드 3M 배경   149,000  m3 d12
    … 이미지 5/16
    … 이미지 10/16
    … 이미지 15/16
  134/736 [고독스] [GODOX] 고독스 190F 다리 연장 조명스탠드 5단     70,000  m3 d12
    … 이미지 5/16
    … 이미지 10/16
    … 이미지 15/16
  135/736 [고독스] [GODOX] 고독스 90F 플로어 조명스탠드 9-87cm    40,000  m3 d12
    … 이미지 5/16
    … 이미지 10/16
    … 이미지 15/16
  136/736 [고독스] [GODOX] 고독스 210B 경량 폴딩 라이트 스탠드 조    33,000  m3 d12
    … 이미지 5/16
    … 이미지 10/16
    … 이미지 15/16
  137/736 [고독스] [GODOX] 고독스 420LB 프로 조명 붐스탠드       179,000  m3 d12
    … 이미지 5/20
    … 이미지 10/20
    … 이미지 15/20
    … 이미지 20/20
  138/736 [고독스] [GODOX] 고독스 DT-BA01 데스크탑 탁상용 조명     25,000  m11 d16
    … 이미지 5/16
    … 이미지 10/16
    … 이미지 15/16
  139/736 [고독스] [GODOX] 고독스 CB-01 스튜디오 조명 캐링백 롤링   189,000  m3 d12
    … 이미지 5/16
    … 이미지 10/16
    … 이미지 15/16
  140/736 [고독스] [GODOX] 고독스 CB-03 라이트스탠드 휴대용 가방     35,000  m3 d12
    … 이미지 5/16
    … 이미지 10/16
    … 이미지 15/16
  141/736 [고독스] [GODOX] 고독스 CB-04 이동식 캐리 백 가방       99,000  m3 d12
    … 이미지 5/16
    … 이미지 10/16
    … 이미지 15/16
  142/736 [고독스] [GODOX] 고독스 CB-06 스튜디오 조명 캐링백 롤링   169,000  m3 d12
    … 이미지 5/16
    … 이미지 10/16
    … 이미지 15/16
  143/736 [고독스] [GODOX] 고독스 CB-10 LED1000 휴대용 캐링   169,000  m3 d12
    … 이미지 5/16
    … 이미지 10/16
    … 이미지 15/16
  144/736 [고독스] [GODOX] 고독스 CB-20 아웃도어 조명 백팩       150,000  m3 d12
    … 이미지 5/17
    … 이미지 10/17
    … 이미지 15/17
  145/736 [고독스] [GODOX] 고독스 CB-25 케링백 P2400 전용 휴   120,000  m5 d13
    … 이미지 5/16
    … 이미지 10/16
    … 이미지 15/16
  146/736 [고독스] [GODOX] 고독스 CB14 라이트 폴딩 스탠드 가방      29,000  m3 d12
    … 이미지 5/16
    … 이미지 10/16
    … 이미지 15/16
  147/736 [고독스] [GODOX] 고독스 CB15 휴대용 가방 S30용        99,000  m3 d12
    … 이미지 5/16
    … 이미지 10/16
    … 이미지 15/16
  148/736 [고독스] [GODOX] 고독스 CB38 렌즈 휴대용 가방          25,000  m3 d12
    … 이미지 5/16
    … 이미지 10/16
    … 이미지 15/16
  149/736 [고독스] [GODOX] 고독스 AD-S2 스텐다드 리플렉터 + 디퓨    20,000  m3 d12
    … 이미지 5/16
    … 이미지 10/16
    … 이미지 15/16
  150/736 [고독스] [GODOX] 고독스 AD-S6 엄브렐러 리플렉터 AD36    20,000  m3 d12
    … 이미지 5/16
    … 이미지 10/16
    … 이미지 15/16
  151/736 [고독스] [GODOX] 고독스 BDR-C420 뷰티디쉬(BDR-W4    55,000  m3 d12
    … 이미지 5/16
    … 이미지 10/16
    … 이미지 15/16
  152/736 [고독스] [GODOX] 고독스 BDR-C550 뷰티디쉬(BDR-W5    60,000  m3 d12
    … 이미지 5/16
    … 이미지 10/16
    … 이미지 15/16
  153/736 [고독스] [GODOX] 고독스 BDR-W420 뷰티디쉬 단품        55,000  m3 d12
    … 이미지 5/16
    … 이미지 10/16
    … 이미지 15/16
  154/736 [고독스] [GODOX] 고독스 BDR-W55 프로 뷰티디쉬 단품     220,000  m3 d12
    … 이미지 5/16
    … 이미지 10/16
    … 이미지 15/16
  155/736 [고독스] [GODOX] 고독스 BDR-W55(뷰티디쉬) + HC55   319,000  m3 d12
    … 이미지 5/16
    … 이미지 10/16
    … 이미지 15/16
  156/736 [고독스] [GODOX] 고독스 BDR-W550 뷰티디쉬 단품       120,000  m3 d12
    … 이미지 5/16
    … 이미지 10/16
    … 이미지 15/16
  157/736 [고독스] [GODOX] 고독스 HC55 뷰티디쉬(BDR-W55)용     99,000  m3 d12
    … 이미지 5/16
    … 이미지 10/16
    … 이미지 15/16
  158/736 [고독스] [GODOX] 고독스 RFT-13 프로 표준 리플렉터 21    39,000  m3 d12
    … 이미지 5/16
    … 이미지 10/16
    … 이미지 15/16
  159/736 [고독스] [GODOX] 고독스 RFT-14 프로 그리드 리플렉터 1    50,000  m3 d12
    … 이미지 5/16
    … 이미지 10/16
    … 이미지 15/16
  160/736 [고독스] [GODOX] 고독스 RFT-17 프로 엄브렐러 리플렉터     40,000  m3 d12
    … 이미지 5/16
    … 이미지 10/16
    … 이미지 15/16
  161/736 [고독스] [GODOX] 고독스 RFT-18 프로 백그라운드 리플렉터   120,000  m3 d12
    … 이미지 5/16
    … 이미지 10/16
    … 이미지 15/16
  162/736 [고독스] [GODOX] 고독스 RFT-19 고성능 사진 스튜디오 리    25,000  m3 d12
    … 이미지 5/16
    … 이미지 10/16
    … 이미지 15/16
  163/736 [고독스] [GODOX] 고독스 RFT-25S 리플렉터 R200 링플   120,000  m3 d12
    … 이미지 5/16
    … 이미지 10/16
    … 이미지 15/16
  164/736 [고독스] [GODOX] 고독스 RFT                     15,000  m3 d12
    … 이미지 5/16
    … 이미지 10/16
    … 이미지 15/16
  165/736 [고독스] [GODOX] 고독스 뷰티디쉬 BDR-W420(뷰티디쉬)+    99,000  m3 d12
    … 이미지 5/15
    … 이미지 10/15
    … 이미지 15/15
  166/736 [고독스] [GODOX] 고독스 뷰티디쉬 BDR-W550(뷰티디쉬)+   169,000  m3 d12
    … 이미지 5/18
    … 이미지 10/18
    … 이미지 15/18
  167/736 [고독스] [GODOX] 고독스 S65T 퀵 릴리즈 엄브렐러 소프트박    89,000  m3 d12
    … 이미지 5/16
    … 이미지 10/16
    … 이미지 15/16
  168/736 [고독스] [GODOX] 고독스 UB-105W 화이트 파라볼릭 엄브렐    59,000  m3 d12
    … 이미지 5/16
    … 이미지 10/16
    … 이미지 15/16
  169/736 [고독스] [GODOX] 고독스 UB-165W 화이트 파라볼릭 엄브렐   130,000  m3 d12
    … 이미지 5/16
    … 이미지 10/16
    … 이미지 15/16
  170/736 [고독스] [GODOX] 고독스 AD-S5 WITSTRO 플래시 폴더    20,000  m3 d12
    … 이미지 5/18
    … 이미지 10/18
    … 이미지 15/18
  171/736 [고독스] [GODOX] 고독스 S120T 퀵 릴리즈 엄브렐러 소프트   160,000  m3 d12
    … 이미지 5/18
    … 이미지 10/18
    … 이미지 15/18
  172/736 [고독스] [GODOX] 고독스 S85T 퀵 릴리즈 엄브렐러 소프트박   110,000  m3 d12
    … 이미지 5/16
    … 이미지 10/16
    … 이미지 15/16
  173/736 [고독스] [GODOX] 고독스 UB-002 101Cm 엄브렐러 블랙    20,000  m3 d12
    … 이미지 5/16
    … 이미지 10/16
    … 이미지 15/16
  174/736 [고독스] [GODOX] 고독스 UB-002 84Cm 엄브렐러 블랙실    15,000  m3 d12
    … 이미지 5/16
    … 이미지 10/16
    … 이미지 15/16
  175/736 [고독스] [GODOX] 고독스 UB-006 101Cm 듀얼 엄브렐러    29,000  m3 d12
    … 이미지 5/16
    … 이미지 10/16
    … 이미지 15/16
  176/736 [고독스] [GODOX] 고독스 UB-006 84Cm 듀얼 엄브렐러     30,000  m3 d12
    … 이미지 5/16
    … 이미지 10/16
    … 이미지 15/16
  177/736 [고독스] [GODOX] 고독스 UB-008 101Cm 엄브렐러 확산    20,000  m3 d12
    … 이미지 5/16
    … 이미지 10/16
    … 이미지 15/16
  178/736 [고독스] [GODOX] 고독스 UB-008 84Cm 엄브렐러 확산우    15,000  m3 d12
    … 이미지 5/16
    … 이미지 10/16
    … 이미지 15/16
  179/736 [고독스] [GODOX] 고독스 UB-085D 투과 파라볼릭 엄브렐러    35,000  m3 d12
    … 이미지 5/16
    … 이미지 10/16
    … 이미지 15/16
  180/736 [고독스] [GODOX] 고독스 UB-085S 실버 파라볼릭 엄브렐러    50,000  m3 d12
    … 이미지 5/16
    … 이미지 10/16
    … 이미지 15/16
  181/736 [고독스] [GODOX] 고독스 UB-085W 화이트 파라볼릭 엄브렐    55,000  m3 d12
    … 이미지 5/16
    … 이미지 10/16
    … 이미지 15/16
  182/736 [고독스] [GODOX] 고독스 UB-105D 투과 파라볼릭 엄브렐러    45,000  m3 d12
    … 이미지 5/16
    … 이미지 10/16
    … 이미지 15/16
  183/736 [고독스] [GODOX] 고독스 UB-105S 실버 파라볼릭 엄브렐러    70,000  m3 d12
    … 이미지 5/16
    … 이미지 10/16
    … 이미지 15/16
  184/736 [고독스] [GODOX] 고독스 UB-165D 투과 파라볼릭 엄브렐러    69,000  m3 d12
    … 이미지 5/16
    … 이미지 10/16
    … 이미지 15/16
  185/736 [고독스] [GODOX] 고독스 UB-165S 실버 파라볼릭 엄브렐러   120,000  m3 d12
    … 이미지 5/16
    … 이미지 10/16
    … 이미지 15/16
  186/736 [고독스] [GODOX] 고독스 UBL-085S 실버 엄브렐러 디퓨저    35,000  m3 d12
    … 이미지 5/16
    … 이미지 10/16
    … 이미지 15/16
  187/736 [고독스] [GODOX] 고독스 UBL-085T 투과 엄브렐러 디퓨저    35,000  m3 d12
    … 이미지 5/16
    … 이미지 10/16
    … 이미지 15/16
  188/736 [고독스] [GODOX] 고독스 UBL-085W 화이트 엄브렐러 디퓨    35,000  m3 d12
    … 이미지 5/18
    … 이미지 10/18
    … 이미지 15/18
  189/736 [고독스] [GODOX] 고독스 W-RFT130 무방풍 윈드프리 반사    42,000  m7 d14
    … 이미지 5/18
    … 이미지 10/18
    … 이미지 15/18
  190/736 [고독스] [GODOX] 고독스 W-RFT55 무방풍 윈드프리 반사판    17,000  m7 d14
    … 이미지 5/18
    … 이미지 10/18
    … 이미지 15/18
  191/736 [고독스] [GODOX] 고독스 W-RFT80 무방풍 윈드프리 반사판    30,000  m7 d14
    … 이미지 5/16
    … 이미지 10/16
    … 이미지 15/16
  192/736 [고독스] [GODOX] 고독스 LSA-16 반사판 홀더 붐 암       59,000  m3 d12
    … 이미지 5/16
    … 이미지 10/16
    … 이미지 15/16
  193/736 [고독스] [GODOX] 고독스 RFT-05 100x150cm 타원형    45,000  m3 d12
    … 이미지 5/16
    … 이미지 10/16
    … 이미지 15/16
  194/736 [고독스] [GODOX] 고독스 RFT-05 120x180cm 타원형    55,000  m3 d12
    … 이미지 5/16
    … 이미지 10/16
    … 이미지 15/16
  195/736 [고독스] [GODOX] 고독스 RFT-05 150x200cm 타원형    85,000  m3 d12
    … 이미지 5/16
    … 이미지 10/16
    … 이미지 15/16
  196/736 [고독스] [GODOX] 고독스 RFT-05 60x90cm 타원형 반    25,000  m3 d12
    … 이미지 5/16
    … 이미지 10/16
    … 이미지 15/16
  197/736 [고독스] [GODOX] 고독스 RFT-05 80x120cm 타원형     39,000  m3 d12
    … 이미지 5/16
    … 이미지 10/16
    … 이미지 15/16
  198/736 [고독스] [GODOX] 고독스 RFT-10 100cm x 150cm    79,000  m3 d12
    … 이미지 5/16
    … 이미지 10/16
    … 이미지 15/16
  199/736 [고독스] [GODOX] 고독스 RFT-10 120cm x 180cm    99,000  m3 d12
    … 이미지 5/16
    … 이미지 10/16
    … 이미지 15/16
  200/736 [고독스] [GODOX] 고독스 RFT-10 150cm x 200cm   120,000  m3 d12
    … 이미지 5/16
    … 이미지 10/16
    … 이미지 15/16
  201/736 [고독스] [GODOX] 고독스 반사판 붐 홀더 RH-01          35,000  m3 d12
    … 이미지 5/19
    … 이미지 10/19
    … 이미지 15/19
  202/736 [고독스] [GODOX] 고독스 CBA-CA0004 원터치 접이식 그    69,000  m3 d12
    … 이미지 5/19
    … 이미지 10/19
    … 이미지 15/19
  203/736 [고독스] [GODOX] 고독스 CBA-PA0007 원터치 접이식 그    69,000  m3 d12
    … 이미지 5/19
    … 이미지 10/19
    … 이미지 15/19
  204/736 [고독스] [GODOX] 고독스 CBA-PA0009 원터치 접이식 그    69,000  m3 d12
    … 이미지 5/19
    … 이미지 10/19
    … 이미지 15/19
  205/736 [고독스] [GODOX] 고독스 CBA-PF0004 원터치 접이식 그    69,000  m3 d12
    … 이미지 5/19
    … 이미지 10/19
    … 이미지 15/19
  206/736 [고독스] [GODOX] 고독스 CBA-PF0007 원터치 접이식 그    69,000  m3 d12
    … 이미지 5/19
    … 이미지 10/19
    … 이미지 15/19
  207/736 [고독스] [GODOX] 고독스 CBA-TA0015 원터치 접이식 그    69,000  m3 d12
    … 이미지 5/19
    … 이미지 10/19
    … 이미지 15/19
  208/736 [고독스] [GODOX] 고독스 CBA-TA0017 원터치 접이식 그    69,000  m3 d12
    … 이미지 5/19
    … 이미지 10/19
    … 이미지 15/19
  209/736 [고독스] [GODOX] 고독스 CBA-TA0018 원터치 접이식 그    69,000  m3 d12
    … 이미지 5/19
    … 이미지 10/19
    … 이미지 15/19
  210/736 [고독스] [GODOX] 고독스 CBA-TB0007 원터치 접이식 그    69,000  m3 d12
    … 이미지 5/19
    … 이미지 10/19
    … 이미지 15/19
  211/736 [고독스] [GODOX] 고독스 CBA-TB0011 원터치 접이식 그    69,000  m3 d12
    … 이미지 5/16
    … 이미지 10/16
    … 이미지 15/16
  212/736 [고독스] [GODOX] 고독스 AK-B01 F마운트 키트 ML60I    50,000  m3 d12
    … 이미지 5/16
    … 이미지 10/16
    … 이미지 15/16
  213/736 [고독스] [GODOX] 고독스 AK-B02 ML60II Bi & M    50,000  m3 d12
    … 이미지 5/16
    … 이미지 10/16
    … 이미지 15/16
  214/736 [고독스] [GODOX] 고독스 FLS8 프레넬 렌즈 보웬스 마운트    250,000  m3 d12
    … 이미지 5/17
    … 이미지 10/17
    … 이미지 15/17
  215/736 [고독스] [GODOX] 고독스 KNOWLED FLS10 프레넬 렌즈   320,000  m5 d13
    … 이미지 5/16
    … 이미지 10/16
    … 이미지 15/16
  216/736 [고독스] [GODOX] 고독스 KNOWLED GF14 프레넬 렌즈  1,290,000  m3 d12
    … 이미지 5/16
    … 이미지 10/16
    … 이미지 15/16
  217/736 [고독스] [GODOX] 고독스 BFP KiT (Lens 85mm 포   440,000  m3 d12
    … 이미지 5/16
    … 이미지 10/16
    … 이미지 15/16
  218/736 [고독스] [GODOX] 고독스 VSA-19K 스포트라이트 키트 LE   690,000  m3 d12
    … 이미지 5/20
    … 이미지 10/20
    … 이미지 15/20
    … 이미지 20/20
  219/736 [고독스] [GODOX] 고독스 BLP Kit (Lens 85mm 포   440,000  m3 d12
    … 이미지 5/16
    … 이미지 10/16
    … 이미지 15/16
  220/736 [고독스] [GODOX] 고독스 VSA Lens19 스팟트라이트 프로   290,000  m3 d12
    … 이미지 5/21
    … 이미지 10/21
    … 이미지 15/21
    … 이미지 20/21
  221/736 [고독스] [GODOX] 고독스 Lens48 어태치먼트 BLP/BFP   220,000  m3 d12
    … 이미지 5/21
    … 이미지 10/21
    … 이미지 15/21
    … 이미지 20/21
  222/736 [고독스] [GODOX] 고독스 Lens85 어태치먼트 BLP/BFP   199,000  m3 d12
    … 이미지 5/21
    … 이미지 10/21
    … 이미지 15/21
    … 이미지 20/21
  223/736 [고독스] [GODOX] 고독스 Lens150 어태치먼트 BLP/BF   199,000  m3 d12
    … 이미지 5/16
    … 이미지 10/16
    … 이미지 15/16
  224/736 [고독스] [GODOX] 고독스 VSA-ID 스포트라이트 조리개 다이   159,000  m3 d12
    … 이미지 5/20
    … 이미지 10/20
    … 이미지 15/20
    … 이미지 20/20
  225/736 [고독스] [GODOX] 고독스 Lens65 어태치먼트 BLP/BFP   179,000  m3 d12
    … 이미지 5/16
    … 이미지 10/16
    … 이미지 15/16
  226/736 [고독스] [GODOX] 고독스 MLP-ID ML시리즈 전용 어태치먼    89,000  m3 d12
    … 이미지 5/16
    … 이미지 10/16
    … 이미지 15/16
  227/736 [고독스] [GODOX] 고독스 VSA-GS4 고보 패턴 세트        59,000  m3 d12
    … 이미지 5/16
    … 이미지 10/16
    … 이미지 15/16
  228/736 [고독스] [GODOX] 고독스 VSA-GS2 고보 패턴 세트        59,000  m3 d12
    … 이미지 5/16
    … 이미지 10/16
    … 이미지 15/16
  229/736 [고독스] [GODOX] 고독스 VSA-GS1 고보 패턴 세트        59,000  m3 d12
    … 이미지 5/16
    … 이미지 10/16
    … 이미지 15/16
  230/736 [고독스] [GODOX] 고독스 VSA-11C 스포트라이트 부착용 컬    49,000  m3 d12
    … 이미지 5/16
    … 이미지 10/16
    … 이미지 15/16
  231/736 [고독스] [GODOX] 고독스 VSA-GS3 고보 패턴 세트        59,000  m3 d12
    … 이미지 5/16
    … 이미지 10/16
    … 이미지 15/16
  232/736 [고독스] [GODOX] 고독스 MLP-GS ML시리즈 전용 프로젝션    29,000  m3 d12
    … 이미지 5/16
    … 이미지 10/16
    … 이미지 15/16
  233/736 [고독스] [GODOX] 고독스 SA-FULL SA-P 프로젝션 렌즈   464,000  m3 d12
    … 이미지 5/16
    … 이미지 10/16
    … 이미지 15/16
  234/736 [고독스] [GODOX] 고독스 SA-P (SA-P1+SA-01)포커   199,000  m3 d12
    … 이미지 5/16
    … 이미지 10/16
    … 이미지 15/16
  235/736 [고독스] [GODOX] 고독스 SA-02 포커스렌즈 60mm S30   129,000  m3 d12
    … 이미지 5/16
    … 이미지 10/16
    … 이미지 15/16
  236/736 [고독스] [GODOX] 고독스 SA-01 포커스렌즈 85mm S30    99,000  m3 d12
    … 이미지 5/16
    … 이미지 10/16
    … 이미지 15/16
  237/736 [고독스] [GODOX] 고독스 SA-06 조리개 S30 전용        90,000  m3 d12
    … 이미지 5/16
    … 이미지 10/16
    … 이미지 15/16
  238/736 [고독스] [GODOX] 고독스 SA-P1 포커스렌즈 어댑터 S30    120,000  m3 d12
    … 이미지 5/16
    … 이미지 10/16
    … 이미지 15/16
  239/736 [고독스] [GODOX] 고독스 SA-17 보웬스 LED조명 스포트라    79,000  m3 d12
    … 이미지 5/16
    … 이미지 10/16
    … 이미지 15/16
  240/736 [고독스] [GODOX] 고독스 SA-05 스크림 세트 S30 전용     25,000  m3 d12
    … 이미지 5/16
    … 이미지 10/16
    … 이미지 15/16
  241/736 [고독스] [GODOX] 고독스 SA-10 고보세트 홀더 S30 전용    25,000  m3 d12
    … 이미지 5/16
    … 이미지 10/16
    … 이미지 15/16
  242/736 [고독스] [GODOX] 고독스 SA-11C 컬러젤키트 S30 전용     20,000  m3 d12
    … 이미지 5/16
    … 이미지 10/16
    … 이미지 15/16
  243/736 [고독스] [GODOX] 고독스 SA-11T 색온도젤키트 S30 전용    20,000  m3 d12
    … 이미지 5/16
    … 이미지 10/16
    … 이미지 15/16
  244/736 [고독스] [GODOX] 고독스 SA-09-002 고보 6종 세트 S    20,000  m3 d12
    … 이미지 5/16
    … 이미지 10/16
    … 이미지 15/16
  245/736 [고독스] [GODOX] 고독스 SA-09-003 고보 6종 세트 S    20,000  m3 d12
    … 이미지 5/16
    … 이미지 10/16
    … 이미지 15/16
  246/736 [고독스] [GODOX] 고독스 SA-09-004 고보 6종 세트 S    20,000  m3 d12
    … 이미지 5/16
    … 이미지 10/16
    … 이미지 15/16
  247/736 [고독스] [GODOX] 고독스 SA-09-001 고보 6종 세트 S    20,000  m3 d12
    … 이미지 5/16
    … 이미지 10/16
    … 이미지 15/16
  248/736 [고독스] [GODOX] 고독스 SA-07 프레임셔터 S30 전용      15,000  m3 d12
    … 이미지 5/16
    … 이미지 10/16
    … 이미지 15/16
  249/736 [고독스] [GODOX] 고독스 BD-100 LDX100Bi & LD    85,000  m3 d12
    … 이미지 5/16
    … 이미지 10/16
    … 이미지 15/16
  250/736 [고독스] [GODOX] 고독스 BD-50 LDX50Bi & LDX5    45,000  m3 d12
    … 이미지 5/16
    … 이미지 10/16
    … 이미지 15/16
  251/736 [고독스] [GODOX] 고독스 Grid for QR-P90T 소프트    35,000  m3 d12
    … 이미지 5/16
    … 이미지 10/16
    … 이미지 15/16
  252/736 [고독스] [GODOX] 고독스 P120-G 파라볼릭 딥엄브렐러 소프    40,000  m3 d12
    … 이미지 5/16
    … 이미지 10/16
    … 이미지 15/16
  253/736 [고독스] [GODOX] 고독스 C-02 허니컴 그리드 50도        15,000  m3 d12
    … 이미지 5/16
    … 이미지 10/16
    … 이미지 15/16
  254/736 [고독스] [GODOX] 고독스 QR-P150T-G Grid for     60,000  m3 d12
    … 이미지 5/16
    … 이미지 10/16
    … 이미지 15/16
  255/736 [고독스] [GODOX] 고독스 R200-HC30 허니컴그리드 R20    35,000  m3 d12
    … 이미지 5/16
    … 이미지 10/16
    … 이미지 15/16
  256/736 [고독스] [GODOX] 고독스 QR-P120T-G Grid for     45,000  m3 d12
    … 이미지 5/16
    … 이미지 10/16
    … 이미지 15/16
  257/736 [고독스] [GODOX] 고독스 R200-HC40 허니컴그리드 R20    35,000  m3 d12
    … 이미지 5/16
    … 이미지 10/16
    … 이미지 15/16
  258/736 [고독스] [GODOX] 고독스 HC-150S 허니컴그리드 LD150    79,000  m3 d12
    … 이미지 5/16
    … 이미지 10/16
    … 이미지 15/16
  259/736 [고독스] [GODOX] 고독스 R200-RHC20 허니컴 그리드      99,000  m3 d12
    … 이미지 5/16
    … 이미지 10/16
    … 이미지 15/16
  260/736 [고독스] [GODOX] 고독스 R200-RHC40 허니컴 그리드      99,000  m3 d12
    … 이미지 5/16
    … 이미지 10/16
    … 이미지 15/16
  261/736 [고독스] [GODOX] 고독스 HC-150 허니컴그리드 LD150R    79,000  m3 d12
    … 이미지 5/16
    … 이미지 10/16
    … 이미지 15/16
  262/736 [고독스] [GODOX] 고독스 R200-RHC30 허니컴 그리드      99,000  m3 d12
    … 이미지 5/16
    … 이미지 10/16
    … 이미지 15/16
  263/736 [고독스] [GODOX] 고독스 Grid for S120T 소프트박스    45,000  m3 d12
    … 이미지 5/16
    … 이미지 10/16
    … 이미지 15/16
  264/736 [고독스] [GODOX] 고독스 HC-75 허니컴그리드 LD75R 전    59,000  m3 d12
    … 이미지 5/16
    … 이미지 10/16
    … 이미지 15/16
  265/736 [고독스] [GODOX] 고독스 P90-G 파라볼릭 소프트박스 그리드    30,000  m3 d12
    … 이미지 5/16
    … 이미지 10/16
    … 이미지 15/16
  266/736 [고독스] [GODOX] 고독스 Grid for S65T 소프트박스     25,000  m3 d12
    … 이미지 5/16
    … 이미지 10/16
    … 이미지 15/16
  267/736 [고독스] [GODOX] 고독스 QR-P60T-G 소프트박스 그리드     20,000  m3 d12
    … 이미지 5/16
    … 이미지 10/16
    … 이미지 15/16
  268/736 [고독스] [GODOX] 고독스 Grid for S85T 소프트박스     30,000  m3 d12
    … 이미지 5/16
    … 이미지 10/16
    … 이미지 15/16
  269/736 [고독스] [GODOX] 고독스 R200-HC20 허니컴그리드 R20    35,000  m3 d12
    … 이미지 5/16
    … 이미지 10/16
    … 이미지 15/16
  270/736 [고독스] [GODOX] 고독스 QR-P70T-G 소프트박스 그리드     25,000  m3 d12
    … 이미지 5/16
    … 이미지 10/16
    … 이미지 15/16
  271/736 [고독스] [GODOX] 고독스 P70G P70-G 파라볼릭용 그리드    25,000  m3 d12
    … 이미지 5/16
    … 이미지 10/16
    … 이미지 15/16
  272/736 [고독스] [GODOX] 고독스 KNOWLED P600RH30 허니콤    69,000  m3 d13
    … 이미지 5/16
    … 이미지 10/16
    … 이미지 15/16
  273/736 [고독스] [GODOX] 고독스 KNOWLED P300RH30 허니콤    45,000  m3 d13
    … 이미지 5/16
    … 이미지 10/16
    … 이미지 15/16
  274/736 [고독스] [GODOX] 고독스 LC-D01 디퓨저 LC500R Mi     9,000  m3 d13
    … 이미지 5/16
    … 이미지 10/16
    … 이미지 15/16
  275/736 [고독스] [GODOX] 고독스 DPU-165T 엄브렐러 디퓨저       35,000  m3 d13
    … 이미지 5/16
    … 이미지 10/16
    … 이미지 15/16
  276/736 [고독스] [GODOX] 고독스 DPU-130T 엄브렐러 디퓨저       25,000  m3 d13
    … 이미지 5/16
    … 이미지 10/16
    … 이미지 15/16
  277/736 [고독스] [GODOX] 고독스 DPU-085T 엄브렐러 디퓨저       15,000  m3 d13
    … 이미지 5/16
    … 이미지 10/16
    … 이미지 15/16
  278/736 [고독스] [GODOX] 고독스 DPU-165BS 블랙 실버 디퓨저     75,000  m3 d13
    … 이미지 5/16
    … 이미지 10/16
    … 이미지 15/16
  279/736 [고독스] [GODOX] 고독스 DPU-105BS 블랙 실버 디퓨저     30,000  m3 d13
    … 이미지 5/16
    … 이미지 10/16
    … 이미지 15/16
  280/736 [고독스] [GODOX] 고독스 DPU-85BS 블랙 실버 디퓨저 커    30,000  m3 d13
    … 이미지 5/16
    … 이미지 10/16
    … 이미지 15/16
  281/736 [고독스] [GODOX] 고독스 DPU-130BS 블랙 실버 디퓨저     60,000  m3 d13
    … 이미지 5/16
    … 이미지 10/16
    … 이미지 15/16
  282/736 [고독스] [GODOX] 고독스 LSA-15 반사판 클램프 붐 암      70,000  m3 d13
    … 이미지 5/16
    … 이미지 10/16
    … 이미지 15/16
  283/736 [고독스] [GODOX] 고독스 LSA-14 클램프 붐암 반사판 폼보    65,000  m3 d13
    … 이미지 5/16
    … 이미지 10/16
    … 이미지 15/16
  284/736 [고독스] [GODOX] 고독스 KNOWLED DT-C1 TP시리즈     10,000  m3 d13
    … 이미지 5/17
    … 이미지 10/17
    … 이미지 15/17
  285/736 [고독스] [GODOX] 고독스 X2T 고속 무선동조기 송신기        75,000  m3 d14
    … 이미지 5/18
    … 이미지 10/18
    … 이미지 15/18
  286/736 [고독스] [GODOX] 고독스 X3 무선동조기 송신기 OLED 터치   109,000  m3 d15
    … 이미지 5/17
    … 이미지 10/17
    … 이미지 15/17
  287/736 [고독스] [GODOX] 고독스 XproII 2세대 TCM 단일접점모   119,000  m3 d14
    … 이미지 5/16
    … 이미지 10/16
    … 이미지 15/16
  288/736 [고독스] [GODOX] 고독스 RC-R9II RGB컬러 조명 리모컨    49,000  m3 d13
    … 이미지 5/16
    … 이미지 10/16
    … 이미지 15/16
  289/736 [고독스] [GODOX] 고독스 UTR-OP12 디지털 타이머 릴리즈    30,000  m3 d13
    … 이미지 5/16
    … 이미지 10/16
    … 이미지 15/16
  290/736 [고독스] [GODOX] 고독스 UTR-S1 디지털 타이머 릴리즈      30,000  m3 d13
    … 이미지 5/16
    … 이미지 10/16
    … 이미지 15/16
  291/736 [고독스] [GODOX] 고독스 UTR-N3 디지털 타이머 릴리즈      30,000  m3 d13
    … 이미지 5/16
    … 이미지 10/16
    … 이미지 15/16
  292/736 [고독스] [GODOX] 고독스 UTR-N1 디지털 타이머 릴리즈      30,000  m3 d13
    … 이미지 5/17
    … 이미지 10/17
    … 이미지 15/17
  293/736 [고독스] [GODOX] 고독스 TR-N1 니콘 송신기 무선 타이머     60,000  m3 d14
    … 이미지 5/17
    … 이미지 10/17
    … 이미지 15/17
  294/736 [고독스] [GODOX] 고독스 TR-N3 니콘 송신기 무선 타이머     60,000  m3 d14
    … 이미지 5/17
    … 이미지 10/17
    … 이미지 15/17
  295/736 [고독스] [GODOX] 고독스 TR-C1 캐논 무선 타이머 원격 제    60,000  m3 d14
    … 이미지 5/17
    … 이미지 10/17
    … 이미지 15/17
  296/736 [고독스] [GODOX] 고독스 TR-C3 캐논 송신기 무선 타이머     60,000  m3 d14
    … 이미지 5/17
    … 이미지 10/17
    … 이미지 15/17
  297/736 [고독스] [GODOX] 고독스 TR-S2 소니 송신기 무선 타이머     63,000  m3 d14
    … 이미지 5/16
    … 이미지 10/16
    … 이미지 15/16
  298/736 [고독스] [GODOX] 고독스 KNOWLED TimoLink TX    239,000  m3 d13
    … 이미지 5/16
    … 이미지 10/16
    … 이미지 15/16
  299/736 [고독스] [GODOX] 고독스 iM30-DF 디퓨저             10,000  m3 d13
    … 이미지 5/15
    … 이미지 10/15
    … 이미지 15/15
  300/736 [고독스] [GODOX] 고독스 iM20-DF                 10,000  m3 d12
    … 이미지 5/16
    … 이미지 10/16
    … 이미지 15/16
  301/736 [고독스] [GODOX] 고독스 AK-S06 카메라 플래시 헤드 프로    15,000  m3 d13
    … 이미지 5/16
    … 이미지 10/16
    … 이미지 15/16
  302/736 [고독스] [GODOX] 고독스 AK-S05 카메라 플래시 헤드 프로    15,000  m3 d13
    … 이미지 5/16
    … 이미지 10/16
    … 이미지 15/16
  303/736 [고독스] [GODOX] 고독스 AK-S04 카메라 플래시 헤드 프로    15,000  m3 d13
    … 이미지 5/16
    … 이미지 10/16
    … 이미지 15/16
  304/736 [고독스] [GODOX] 고독스 AK-S03 카메라 플래시 헤드 프로    15,000  m3 d13
    … 이미지 5/16
    … 이미지 10/16
    … 이미지 15/16
  305/736 [고독스] [GODOX] 고독스 AK-S02 카메라 플래시 헤드 프로    15,000  m3 d13
    … 이미지 5/16
    … 이미지 10/16
    … 이미지 15/16
  306/736 [고독스] [GODOX] 고독스 AK-S01 카메라 플래시 헤드 프로    15,000  m3 d13
    … 이미지 5/16
    … 이미지 10/16
    … 이미지 15/16
  307/736 [고독스] [GODOX] 고독스 AK-R25 플래시 헤드 프로젝션 어    15,000  m3 d12
    … 이미지 5/16
    … 이미지 10/16
    … 이미지 15/16
  308/736 [고독스] [GODOX] 고독스 SB1520 휴대용 소프트 박스 15    15,000  m3 d12
    … 이미지 5/16
    … 이미지 10/16
    … 이미지 15/16
  309/736 [고독스] [GODOX] 고독스 카메라플래시 허니컴 그리드 HC-01    15,000  m3 d12
    … 이미지 5/17
    … 이미지 10/17
    … 이미지 15/17
  310/736 [고독스] [GODOX] 고독스 AK-R11 라운드헤드용 화이트 돔     15,000  m5 d13
    … 이미지 5/16
    … 이미지 10/16
    … 이미지 15/16
  311/736 [고독스] [GODOX] 고독스 B holder B타입 스피드라이트     15,000  m3 d12
    … 이미지 5/16
    … 이미지 10/16
    … 이미지 15/16
  312/736 [고독스] [GODOX] 고독스 D holder D타입 스피드라이트     15,000  m3 d12
    … 이미지 5/16
    … 이미지 10/16
    … 이미지 15/16
  313/736 [고독스] [GODOX] 고독스 E holder E타입 스피드라이트     15,000  m3 d12
    … 이미지 5/25
    … 이미지 10/25
    … 이미지 15/25
    … 이미지 20/25
    … 이미지 25/25
  314/736 [_기타] [GODOX] GODOX 고독스 iM30 iFlash 카메    49,000  m15 d22
    … 이미지 5/16
    … 이미지 10/16
    … 이미지 15/16
  315/736 [고독스] [GODOX] 고독스 FS-R 단일접점 핫슈 폴딩 라이즈     15,000  m3 d12
    … 이미지 5/16
    … 이미지 10/16
    … 이미지 15/16
  316/736 [고독스] [GODOX] 고독스 SB2030 휴대용 소프트 박스 20    25,000  m3 d12
    … 이미지 5/16
    … 이미지 10/16
    … 이미지 15/16
  317/736 [고독스] [GODOX] 고독스 V-11C 컬러필터 AK-R1용       20,000  m3 d12
    … 이미지 5/16
    … 이미지 10/16
    … 이미지 15/16
  318/736 [고독스] [GODOX] 고독스 V-11T 컬러필터 AK-R1용       20,000  m3 d12
    … 이미지 5/16
    … 이미지 10/16
    … 이미지 15/16
  319/736 [고독스] [GODOX] 고독스 DB-02 가속 파워 케이블 어댑터     20,000  m3 d12
    … 이미지 5/16
    … 이미지 10/16
    … 이미지 15/16
  320/736 [고독스] [GODOX] 고독스 DB-01 플래시 전원 케이블 어댑터    20,000  m3 d12
    … 이미지 5/16
    … 이미지 10/16
    … 이미지 15/16
  321/736 [고독스] [GODOX] 고독스 Cx 캐논 플래시 전원 케이블 PB9    25,000  m3 d12
    … 이미지 5/20
    … 이미지 10/20
    … 이미지 15/20
    … 이미지 20/20
  322/736 [고독스] [GODOX] 고독스 iFlash iA32 미니 카메라 플    79,000  m3 d17
    … 이미지 5/16
    … 이미지 10/16
    … 이미지 15/16
  323/736 [고독스] [GODOX] 고독스 MA01 마그네틱 젤필터 키트 iT2    20,000  m3 d12
    … 이미지 5/19
    … 이미지 10/19
    … 이미지 15/19
  324/736 [고독스] [GODOX] 고독스 iFlash iT30 Pro 포켓 T   109,000  m7 d16
    … 이미지 5/16
    … 이미지 10/16
    … 이미지 15/16
  325/736 [고독스] [GODOX] 고독스 AS-01 자동 센서 Lux Mast    25,000  m3 d13
    … 이미지 5/17
    … 이미지 10/17
    … 이미지 15/17
  326/736 [고독스] [GODOX] 고독스 LM-R28 디퓨저 돔 포함 리플렉터    29,000  m5 d14
    … 이미지 5/16
    … 이미지 10/16
    … 이미지 15/16
  327/736 [고독스] [GODOX] 고독스 SB-UBW 50x70cm 엄브렐러     30,000  m3 d12
    … 이미지 5/16
    … 이미지 10/16
    … 이미지 15/16
  328/736 [고독스] [GODOX] 고독스 LM-S25 팔각 소프트박스 Lux     35,000  m3 d13
    … 이미지 5/16
    … 이미지 10/16
    … 이미지 15/16
  329/736 [고독스] [GODOX] 고독스 FB01 브라켓 Lux Master     39,000  m3 d13
    … 이미지 5/17
    … 이미지 10/17
    … 이미지 15/17
  330/736 [고독스] [GODOX] 고독스 iFlash TR TTL 핫슈 폴딩     25,000  m5 d13
    … 이미지 5/16
    … 이미지 10/16
    … 이미지 15/16
  331/736 [고독스] [GODOX] 고독스 SB-UBW 60x90cm 엄브렐러     35,000  m3 d12
    … 이미지 5/18
    … 이미지 10/18
    … 이미지 15/18
  332/736 [고독스] [GODOX] 고독스 Lux Elf 럭스 엘프 레트로 클래    79,000  m5 d15
    … 이미지 5/16
    … 이미지 10/16
    … 이미지 15/16
  333/736 [고독스] [GODOX] 고독스 SB-UBW Octa 80cm 엄브렐    40,000  m3 d12
    … 이미지 5/16
    … 이미지 10/16
    … 이미지 15/16
  334/736 [고독스] [GODOX] 고독스 SB-UBW Octa 95cm 엄브렐    45,000  m3 d12
    … 이미지 5/15
    … 이미지 10/15
    … 이미지 15/15
  335/736 [고독스] [GODOX] 고독스 VC-18 배터리 충전기 V850 V    40,000  m3 d12
    … 이미지 5/16
    … 이미지 10/16
    … 이미지 15/16
  336/736 [고독스] [GODOX] 고독스 VC26T 배터리 충전기 VB26 멀    55,000  m3 d13
    … 이미지 5/22
    … 이미지 10/22
    … 이미지 15/22
    … 이미지 20/22
  337/736 [고독스] [GODOX] 고독스 Lux Junior 럭스주니어 레트로   119,000  m11 d19
    … 이미지 5/26
    … 이미지 10/26
    … 이미지 15/26
    … 이미지 20/26
    … 이미지 25/26
  338/736 [고독스] [GODOX] 고독스 iM20 iFlash 카메라플래시 스    45,000  m11 d16
    … 이미지 5/18
    … 이미지 10/18
    … 이미지 15/18
  339/736 [고독스] [GODOX] 고독스 Lux Cadet 럭스 카데트 레트로   139,000  m5 d14
    … 이미지 5/19
    … 이미지 10/19
    … 이미지 15/19
  340/736 [고독스] [GODOX] 고독스 iM22 iFlash 카메라플래시 스    45,000  m11 d16
    … 이미지 5/25
    … 이미지 10/25
    … 이미지 15/25
    … 이미지 20/25
    … 이미지 25/25
  341/736 [고독스] [GODOX] 고독스 iM30 iFlash 카메라플래시 스    49,000  m13 d17
    … 이미지 5/15
    … 이미지 10/15
    … 이미지 15/15
  342/736 [고독스] [GODOX] 고독스 VB20 리튬이온 배터리 V350전용    59,000  m3 d12
    … 이미지 5/16
    … 이미지 10/16
    … 이미지 15/16
  343/736 [고독스] [GODOX] 고독스 SB-UBW Octa 120cm 엄브    55,000  m3 d12
    … 이미지 5/22
    … 이미지 10/22
    … 이미지 15/22
    … 이미지 20/22
  344/736 [고독스] [GODOX] 고독스 Lux Senior 럭스 시니어 레트   169,000  m13 d19
    … 이미지 5/16
    … 이미지 10/16
    … 이미지 15/16
  345/736 [고독스] [GODOX] 고독스 VB-18 리튬이온 배터리 V850     69,000  m3 d12
    … 이미지 5/17
    … 이미지 10/17
    … 이미지 15/17
  346/736 [고독스] [GODOX] 고독스 Lux Master 럭스 마스터 레트   390,000  m3 d14
    … 이미지 5/16
    … 이미지 10/16
    … 이미지 15/16
  347/736 [고독스] [GODOX] 고독스 VB26 리튬이온 배터리 V1전용 V    79,000  m3 d12
    … 이미지 5/16
    … 이미지 10/16
    … 이미지 15/16
  348/736 [고독스] [GODOX] 고독스 MF-DD 디퓨저 MF12 매크로플래    15,000  m3 d13
    … 이미지 5/17
    … 이미지 10/17
    … 이미지 15/17
  349/736 [고독스] [GODOX] 고독스 MF-AR MF12마운팅링          15,000  m3 d14
    … 이미지 5/16
    … 이미지 10/16
    … 이미지 15/16
  350/736 [고독스] [GODOX] 고독스 VB30 V1 Pro 플래시 헤드용     79,000  m3 d13
    … 이미지 5/17
    … 이미지 10/17
    … 이미지 15/17
  351/736 [고독스] [GODOX] 고독스 AR-R Kit MF12의 어뎁터링     30,000  m3 d14
    … 이미지 5/16
    … 이미지 10/16
    … 이미지 15/16
  352/736 [고독스] [GODOX] 고독스 SGUV6060 스피드 소프트박스 +    69,000  m3 d13
    … 이미지 5/19
    … 이미지 10/19
    … 이미지 15/19
  353/736 [고독스] [GODOX] 고독스 MF-DB 브라켓 MF12 매크로플래    59,000  m7 d16
    … 이미지 5/16
    … 이미지 10/16
    … 이미지 15/16
  354/736 [고독스] [GODOX] 고독스 AK-R1 원형헤드 쉐이핑툴 키트      89,000  m3 d13
    … 이미지 5/23
    … 이미지 10/23
    … 이미지 15/23
    … 이미지 20/23
  355/736 [고독스] [GODOX] 고독스 iT20 미니 TTL 카메라 플래시     69,000  m3 d12
    … 이미지 5/17
    … 이미지 10/17
    … 이미지 15/17
  356/736 [고독스] [GODOX] 고독스 MF12 매크로플래시            199,000  m3 d14
    … 이미지 5/16
    … 이미지 10/16
    … 이미지 15/16
  357/736 [고독스] [GODOX] 고독스 AK-R23 플래시 헤드 프로젝션 어    75,000  m3 d12
    … 이미지 5/16
    … 이미지 10/16
    … 이미지 15/16
  358/736 [고독스] [GODOX] 고독스 AK-R24 플래시 헤드 프로젝션 어    79,000  m3 d12
    … 이미지 5/19
    … 이미지 10/19
    … 이미지 15/19
  359/736 [고독스] [GODOX] 고독스 MF-R76 TTL 버젼 매크로 링라   320,000  m7 d16
    … 이미지 5/16
    … 이미지 10/16
    … 이미지 15/16
  360/736 [고독스] [GODOX] 고독스 SGUV8080 스피드 소프트박스 +    79,000  m3 d12
    … 이미지 5/19
    … 이미지 10/19
    … 이미지 15/19
  361/736 [고독스] [GODOX] 고독스 MF12-K2 2라이트키트 매크로 접   399,000  m7 d16
    … 이미지 5/22
    … 이미지 10/22
    … 이미지 15/22
    … 이미지 20/22
  362/736 [고독스] [GODOX] 고독스 AK-S Full Slide Set플    90,000  m15 d18
    … 이미지 5/18
    … 이미지 10/18
    … 이미지 15/18
  363/736 [고독스] [GODOX] 고독스 AK-R21 플래시 헤드 프로젝션 어   149,000  m5 d13
    … 이미지 5/16
    … 이미지 10/16
    … 이미지 15/16
  364/736 [고독스] [GODOX] 고독스 TT350 콤팩트 미니 카메라 플래시   129,000  m3 d12
    … 이미지 5/22
    … 이미지 10/22
    … 이미지 15/22
    … 이미지 20/22
  365/736 [고독스] [GODOX] 고독스 V480 리튬 TTL 카메라 플래시    220,000  m5 d13
    … 이미지 5/19
    … 이미지 10/19
    … 이미지 15/19
  366/736 [고독스] [GODOX] 고독스 MF-R76 LED 매크로 링라이트    220,000  m9 d16
    … 이미지 5/19
    … 이미지 10/19
    … 이미지 15/19
  367/736 [고독스] [GODOX] 고독스 TT685II 2세대 스피드라이트 카   189,000  m7 d14
    … 이미지 5/16
    … 이미지 10/16
    … 이미지 15/16
  368/736 [고독스] [GODOX] 고독스 AD200 AD200Pro전용 스틱    500,000  m3 d13
    … 이미지 5/16
    … 이미지 10/16
    … 이미지 15/16
  369/736 [고독스] [GODOX] 고독스 PB960 PROPAC 사진조명 리튬   199,000  m3 d12
    … 이미지 5/16
    … 이미지 10/16
    … 이미지 15/16
  370/736 [고독스] [GODOX] 고독스 V1 라운드헤드 카메라플래시 스피드라   299,000  m3 d12
    … 이미지 5/22
    … 이미지 10/22
    … 이미지 15/22
    … 이미지 20/22
  371/736 [고독스] [GODOX] 고독스 V860III 3세대 카메라 플래시    299,000  m15 d18
    … 이미지 5/16
    … 이미지 10/16
    … 이미지 15/16
  372/736 [고독스] [GODOX] 고독스 FV150 순간광 지속광겸용 하이브리   349,000  m3 d13
    … 이미지 5/22
    … 이미지 10/22
    … 이미지 15/22
    … 이미지 20/22
  373/736 [고독스] [GODOX] 고독스 V1 Pro 라운드헤드 카메라플래시    390,000  m13 d17
    … 이미지 5/27
    … 이미지 10/27
    … 이미지 15/27
    … 이미지 20/27
    … 이미지 25/27
  374/736 [고독스] [GODOX] 고독스 V100 TTL 리튬 이온 라운드 헤   480,000  m9 d15
    … 이미지 5/17
    … 이미지 10/17
    … 이미지 15/17
  375/736 [고독스] [GODOX] 고독스 AD-E2 브라켓 엄브렐러 홀더 AD    25,000  m3 d14
    … 이미지 5/16
    … 이미지 10/16
    … 이미지 15/16
  376/736 [고독스] [GODOX] 고독스 AD-R6 스텐다드 리플렉터 AD60    29,000  m3 d12
    … 이미지 5/16
    … 이미지 10/16
    … 이미지 15/16
  377/736 [고독스] [GODOX] 고독스 AD-AS 스누트 어댑터 AD300P    15,000  m3 d12
    … 이미지 5/16
    … 이미지 10/16
    … 이미지 15/16
  378/736 [고독스] [GODOX] 고독스 SA-GD QR-P70, QR-P90    20,000  m3 d12
    … 이미지 5/16
    … 이미지 10/16
    … 이미지 15/16
  379/736 [고독스] [GODOX] 고독스 VC1 USB                 29,000  m3 d12
    … 이미지 5/16
    … 이미지 10/16
    … 이미지 15/16
  380/736 [고독스] [GODOX] 고독스 AD-AB AD300Pro전용 마운트    20,000  m3 d12
    … 이미지 5/15
    … 이미지 10/15
    … 이미지 15/15
  381/736 [고독스] [GODOX] 고독스 CB57 크로스백 AD200Pro 전    25,000  m3 d12
    … 이미지 5/16
    … 이미지 10/16
    … 이미지 15/16
  382/736 [고독스] [GODOX] 고독스 RFT-23 15° 리플렉터 ML60    25,000  m3 d12
    … 이미지 5/16
    … 이미지 10/16
    … 이미지 15/16
  383/736 [고독스] [GODOX] 고독스 RFT-22 60° 리플렉터 ML60    25,000  m3 d12
    … 이미지 5/16
    … 이미지 10/16
    … 이미지 15/16
  384/736 [고독스] [GODOX] 고독스 AD-L LED플래시 헤드 AD200    40,000  m3 d12
    … 이미지 5/16
    … 이미지 10/16
    … 이미지 15/16
  385/736 [고독스] [GODOX] 고독스 PB-600 휴대용 가방 AD600     25,000  m3 d12
    … 이미지 5/15
    … 이미지 10/15
    … 이미지 15/15
  386/736 [고독스] [GODOX] 고독스 AD300Pro 프로텍트 글라스 Pr    25,000  m3 d12
    … 이미지 5/16
    … 이미지 10/16
    … 이미지 15/16
  387/736 [고독스] [GODOX] 고독스 SN04 스누트 AD400Pro or    30,000  m3 d12
    … 이미지 5/16
    … 이미지 10/16
    … 이미지 15/16
  388/736 [고독스] [GODOX] 고독스 DT-WB29 더미 배터리 연결 케이    25,000  m3 d12
    … 이미지 5/16
    … 이미지 10/16
    … 이미지 15/16
  389/736 [고독스] [GODOX] 고독스 VC26 배터리 충전기 V1전용       29,000  m3 d12
    … 이미지 5/16
    … 이미지 10/16
    … 이미지 15/16
  390/736 [고독스] [GODOX] 고독스 ML-CD15 라운드헤드용 실리콘 화    39,000  m3 d12
    … 이미지 5/16
    … 이미지 10/16
    … 이미지 15/16
  391/736 [고독스] [GODOX] 고독스 AD-R14 반사갓 허니컴 젤필터 세    45,000  m3 d13
    … 이미지 5/16
    … 이미지 10/16
    … 이미지 15/16
  392/736 [고독스] [GODOX] 고독스 S3 bracket 신형 스피드라이트    35,000  m3 d12
    … 이미지 5/16
    … 이미지 10/16
    … 이미지 15/16
  393/736 [고독스] [GODOX] 고독스 AD-R9 스텐다드 리플렉터 AD60    35,000  m3 d12
    … 이미지 5/16
    … 이미지 10/16
    … 이미지 15/16
  394/736 [고독스] [GODOX] 고독스 ML-CS30 ML60II Bi &     35,000  m3 d13
    … 이미지 5/16
    … 이미지 10/16
    … 이미지 15/16
  395/736 [고독스] [GODOX] 고독스 AD-BW Bowens-mount (    35,000  m3 d13
    … 이미지 5/16
    … 이미지 10/16
    … 이미지 15/16
  396/736 [고독스] [GODOX] 고독스 C29 배터리 충전기 AD200 전용    50,000  m3 d12
    … 이미지 5/16
    … 이미지 10/16
    … 이미지 15/16
  397/736 [고독스] [GODOX] 고독스 AD-S7 48cm 다기능 팔각 소프    45,000  m3 d12
    … 이미지 5/16
    … 이미지 10/16
    … 이미지 15/16
  398/736 [고독스] [GODOX] 고독스 ML-CS1625 ML시리즈용 소프트    49,000  m3 d13
    … 이미지 5/16
    … 이미지 10/16
    … 이미지 15/16
  399/736 [고독스] [GODOX] 고독스 BD-10 반도어 컬러젤 그리드 세트    49,000  m3 d12
    … 이미지 5/16
    … 이미지 10/16
    … 이미지 15/16
  400/736 [고독스] [GODOX] 고독스 AD600 배터리 충전기 AD600     59,000  m3 d12
    … 이미지 5/17
    … 이미지 10/17
    … 이미지 15/17
  401/736 [고독스] [GODOX] 고독스 BD-07II 반도어+허니컴그리드+컬    55,000  m5 d13
    … 이미지 5/15
    … 이미지 10/15
    … 이미지 15/15
  402/736 [고독스] [GODOX] 고독스 AD300PRO전용 AD-AB어댑터     55,000  m3 d12
    … 이미지 5/16
    … 이미지 10/16
    … 이미지 15/16
  403/736 [고독스] [GODOX] 고독스 CB-12 아웃도어플래시 휴대용 가방    69,000  m3 d12
    … 이미지 5/16
    … 이미지 10/16
    … 이미지 15/16
  404/736 [고독스] [GODOX] 고독스 ML-SF3030 소프트박스 AD30    59,000  m3 d12
    … 이미지 5/16
    … 이미지 10/16
    … 이미지 15/16
  405/736 [고독스] [GODOX] 고독스 ML-SF50 ML60II Bi &     59,000  m3 d13
    … 이미지 5/16
    … 이미지 10/16
    … 이미지 15/16
  406/736 [고독스] [GODOX] 고독스 AD-S60S 전용 소프트박스 AD3    89,000  m3 d13
    … 이미지 5/16
    … 이미지 10/16
    … 이미지 15/16
  407/736 [고독스] [GODOX] 고독스 CB-09 휴대용 가방 AD600 A    79,000  m3 d12
    … 이미지 5/16
    … 이미지 10/16
    … 이미지 15/16
  408/736 [고독스] [GODOX] 고독스 WB100 리튬이온 배터리 AD100    79,000  m3 d12
    … 이미지 5/16
    … 이미지 10/16
    … 이미지 15/16
  409/736 [고독스] [GODOX] 고독스 WB29 리튬 이온 배터리 AD200    99,000  m3 d12
    … 이미지 5/16
    … 이미지 10/16
    … 이미지 15/16
  410/736 [고독스] [GODOX] 고독스 C26 배터리 충전기 AD600Pro    79,000  m3 d12
    … 이미지 5/15
    … 이미지 10/15
    … 이미지 15/15
  411/736 [고독스] [GODOX] 고독스 C400P AD400Pro 전용 충전    79,000  m3 d12
    … 이미지 5/16
    … 이미지 10/16
    … 이미지 15/16
  412/736 [고독스] [GODOX] 고독스 AD-H600B 분리 헤드 AD600    99,000  m3 d12
    … 이미지 5/16
    … 이미지 10/16
    … 이미지 15/16
  413/736 [고독스] [GODOX] 고독스 WB300P 리튬 배터리 AD300P   120,000  m3 d12
    … 이미지 5/16
    … 이미지 10/16
    … 이미지 15/16
  414/736 [고독스] [GODOX] 고독스 AD-B2 트윈 헤드 브라켓 AD20   120,000  m3 d12
    … 이미지 5/16
    … 이미지 10/16
    … 이미지 15/16
  415/736 [고독스] [GODOX] 고독스 CB56 캐링백 AD200Pro, R   149,000  m3 d12
    … 이미지 5/16
    … 이미지 10/16
    … 이미지 15/16
  416/736 [고독스] [GODOX] 고독스 H200R 원형헤드 AD200 AD2   149,000  m3 d12
    … 이미지 5/16
    … 이미지 10/16
    … 이미지 15/16
  417/736 [고독스] [GODOX] 고독스 AD-AC 교류전원 어댑터 AD600   169,000  m3 d12
    … 이미지 5/16
    … 이미지 10/16
    … 이미지 15/16
  418/736 [고독스] [GODOX] 고독스 WB400P 리튬이온 배터리 AD40   225,000  m3 d12
    … 이미지 5/16
    … 이미지 10/16
    … 이미지 15/16
  419/736 [고독스] [GODOX] 고독스 WB87 리튬이온 배터리 AD600    235,000  m3 d12
    … 이미지 5/16
    … 이미지 10/16
    … 이미지 15/16
  420/736 [고독스] [GODOX] 고독스 AC400 교류전원 AC어댑터 AD4   199,000  m3 d12
    … 이미지 5/16
    … 이미지 10/16
    … 이미지 15/16
  421/736 [고독스] [GODOX] 고독스 WB26B 리튬이온 배터리 AD600   299,000  m3 d12
    … 이미지 5/16
    … 이미지 10/16
    … 이미지 15/16
  422/736 [고독스] [GODOX] 고독스 FT-AD400Pro 방전관 플래시    250,000  m3 d12
    … 이미지 5/16
    … 이미지 10/16
    … 이미지 15/16
  423/736 [고독스] [GODOX] 고독스 AD100Pro 포켓 플래시 스트로보   350,000  m3 d12
    … 이미지 5/20
    … 이미지 10/20
    … 이미지 15/20
    … 이미지 20/20
  424/736 [고독스] [GODOX] 고독스 R200 링플래시 헤드 AD200 A   350,000  m9 d15
    … 이미지 5/17
    … 이미지 10/17
    … 이미지 15/17
  425/736 [고독스] [GODOX] 고독스 AD200Pro전용 스틱 플래시 헤드   500,000  m3 d12
    … 이미지 5/25
    … 이미지 10/25
    … 이미지 15/25
    … 이미지 20/25
    … 이미지 25/25
  426/736 [고독스] [GODOX] 고독스 AD200Pro II 2세대 카메라    550,000  m9 d15
    … 이미지 5/16
    … 이미지 10/16
    … 이미지 15/16
  427/736 [고독스] [GODOX] 고독스 AD300Pro 아웃도어 플래시 30   650,000  m3 d12
    … 이미지 5/27
    … 이미지 10/27
    … 이미지 15/27
    … 이미지 20/27
